nohup: ignoring input
########## DataInfo ##########
cpu num: 4
reading ./datasets/qk-video/seq//item_succeeding2.dat
./datasets/qk-video/seq//item_succeeding2.dat loaded
reading seq.dat
numUser:30704
numItem:41534
########## config ##########
thread_num: 4
dataset: qk-video
eval_neg_num: full
input_len: 5
threshold: 1
rec_model: SASRec
train_type: train
co-train: False
filter-with-loss: False
save_epochs: [300, 400]
epoch_num: 500
learning_rate: 0.001
train_batch_size: 1024
test_batch_size: 512
drop_ratio: 0.1
n_layers: 2
next_hop_num: 1
entropy_threshold: 1.0
sample_num: 4
sample_loss_weight: 0.001
decay_factor: 0.9
hidden_size: 64
num_hidden_layers: 1
num_attention_heads: 2
intermediate_size: 128
hidden_act: gelu
hidden_dropout_prob: 0.1
attention_probs_dropout_prob: 0.1
type_vocab_size: 1
initializer_range: 0.1
weight_decay: 0.01
device: cuda
max_seq_len: 5
corr_epoch: 10
corr_threshold: 1
delete_target_ratio: 0.1
delete_input_ratio: 0.1
replace_ratio: 0.6
rectify_input: True
rectify_target: True
replace_target: True
self_ensemble: True
temperature: 0.01
weighted_loss: False
rho: 0.9
n_h: 16
n_v: 4
gru_layer_num: 2
candidate_size: 2
user_num: 30704
item_num: 41534
generating train samples
train_size: 2207527, time: 12.904433727264404
abandoned 0(0.0) samples
valid user num: 30704
valid item num: 41532
begin to initialize the replacement candidate pool
replacement candidate pool initialized successfully!, time: 43.001479148864746
generating test samples
test_size: 30704, time: 77.81493091583252
abandoned 0(0.0) samples
============================================================
Start Training
============================================================
################## epoch 0 ###########################
loss: 1165.1914, len_train_loader:2156, train time: 80.37817168235779
rectified_input_ratio: 0.0
rectified_target_ratio: 0.0
########## current_metrics ##########
ndcg_1: 0.006937206878582595
ndcg_5: 0.014319743029773235
ndcg_10: 0.019329216331243515
ndcg_20: 0.02550993114709854
hit_1: 0.006937206878582595
hit_5: 0.021886399166232414
hit_10: 0.03745440333507035
hit_20: 0.062109171443460134
ap: 0.019491538405418396
########## best_metrics ##########
ndcg_1: 0.006937206878582595
ndcg_5: 0.014319743029773235
ndcg_10: 0.019329216331243515
ndcg_20: 0.02550993114709854
hit_1: 0.006937206878582595
hit_5: 0.021886399166232414
hit_10: 0.03745440333507035
hit_20: 0.062109171443460134
ap: 0.019491538405418396
no increase in recent 0 iters
eval time: 107.07071042060852
#########################################################
################## epoch 1 ###########################
loss: 640.4393, len_train_loader:2156, train time: 77.1885097026825
rectified_input_ratio: 0.0
rectified_target_ratio: 0.0
########## current_metrics ##########
ndcg_1: 0.00941245440333507
ndcg_5: 0.018327651545405388
ndcg_10: 0.02247479557991028
ndcg_20: 0.0279840137809515
hit_1: 0.00941245440333507
hit_5: 0.027064877540385616
hit_10: 0.03996221990620115
hit_20: 0.0619137571651902
ap: 0.02310437150299549
########## best_metrics ##########
ndcg_1: 0.00941245440333507
ndcg_5: 0.018327651545405388
ndcg_10: 0.02247479557991028
ndcg_20: 0.0279840137809515
hit_1: 0.00941245440333507
hit_5: 0.027064877540385616
hit_10: 0.03996221990620115
hit_20: 0.062109171443460134
ap: 0.02310437150299549
no increase in recent 0 iters
eval time: 105.70055747032166
#########################################################
################## epoch 2 ###########################
loss: 546.6481, len_train_loader:2156, train time: 72.91309261322021
rectified_input_ratio: 0.0
rectified_target_ratio: 0.0
########## current_metrics ##########
ndcg_1: 0.007458311620635748
ndcg_5: 0.01763160526752472
ndcg_10: 0.022690406069159508
ndcg_20: 0.028485722839832306
hit_1: 0.007458311620635748
hit_5: 0.027227722772277228
hit_10: 0.04302371026576342
hit_20: 0.06631057842626367
ap: 0.022572699934244156
########## best_metrics ##########
ndcg_1: 0.00941245440333507
ndcg_5: 0.018327651545405388
ndcg_10: 0.022690406069159508
ndcg_20: 0.028485722839832306
hit_1: 0.00941245440333507
hit_5: 0.027227722772277228
hit_10: 0.04302371026576342
hit_20: 0.06631057842626367
ap: 0.02310437150299549
no increase in recent 0 iters
eval time: 102.28634119033813
#########################################################
################## epoch 3 ###########################
loss: 441.9415, len_train_loader:2156, train time: 80.64380741119385
rectified_input_ratio: 0.0
rectified_target_ratio: 0.0
########## current_metrics ##########
ndcg_1: 0.009445023449713392
ndcg_5: 0.02151620388031006
ndcg_10: 0.027525106444954872
ndcg_20: 0.035027261823415756
hit_1: 0.009445023449713392
hit_5: 0.03335070349140177
hit_10: 0.05207790515893695
hit_20: 0.08200885878061491
ap: 0.02726265788078308
########## best_metrics ##########
ndcg_1: 0.009445023449713392
ndcg_5: 0.02151620388031006
ndcg_10: 0.027525106444954872
ndcg_20: 0.035027261823415756
hit_1: 0.009445023449713392
hit_5: 0.03335070349140177
hit_10: 0.05207790515893695
hit_20: 0.08200885878061491
ap: 0.02726265788078308
no increase in recent 0 iters
eval time: 93.95802116394043
#########################################################
################## epoch 4 ###########################
loss: 380.3087, len_train_loader:2156, train time: 74.47826099395752
rectified_input_ratio: 0.0
rectified_target_ratio: 0.0
########## current_metrics ##########
ndcg_1: 0.00908676393955185
ndcg_5: 0.02180895209312439
ndcg_10: 0.029422948136925697
ndcg_20: 0.03840471804141998
hit_1: 0.00908676393955185
hit_5: 0.0347186034392913
hit_10: 0.05846143824908807
hit_20: 0.09409197498697239
ap: 0.02845653146505356
########## best_metrics ##########
ndcg_1: 0.009445023449713392
ndcg_5: 0.02180895209312439
ndcg_10: 0.029422948136925697
ndcg_20: 0.03840471804141998
hit_1: 0.009445023449713392
hit_5: 0.0347186034392913
hit_10: 0.05846143824908807
hit_20: 0.09409197498697239
ap: 0.02845653146505356
no increase in recent 0 iters
eval time: 94.29300832748413
#########################################################
################## epoch 5 ###########################
loss: 342.7169, len_train_loader:2156, train time: 73.88041067123413
rectified_input_ratio: 0.0
rectified_target_ratio: 0.0
########## current_metrics ##########
ndcg_1: 0.009477592496091715
ndcg_5: 0.022766858339309692
ndcg_10: 0.0316259004175663
ndcg_20: 0.04172560200095177
hit_1: 0.009477592496091715
hit_5: 0.03647733194372069
hit_10: 0.06409588327253778
hit_20: 0.10435122459614382
ap: 0.030355053022503853
########## best_metrics ##########
ndcg_1: 0.009477592496091715
ndcg_5: 0.022766858339309692
ndcg_10: 0.0316259004175663
ndcg_20: 0.04172560200095177
hit_1: 0.009477592496091715
hit_5: 0.03647733194372069
hit_10: 0.06409588327253778
hit_20: 0.10435122459614382
ap: 0.030355053022503853
no increase in recent 0 iters
eval time: 105.04865574836731
#########################################################
################## epoch 6 ###########################
loss: 303.166, len_train_loader:2156, train time: 76.37018489837646
rectified_input_ratio: 0.0
rectified_target_ratio: 0.0
########## current_metrics ##########
ndcg_1: 0.009640437727983325
ndcg_5: 0.02317986637353897
ndcg_10: 0.032341714948415756
ndcg_20: 0.04339820146560669
hit_1: 0.009640437727983325
hit_5: 0.03732412714955706
hit_10: 0.06591974986972382
hit_20: 0.10998566961959354
ap: 0.03134366497397423
########## best_metrics ##########
ndcg_1: 0.009640437727983325
ndcg_5: 0.02317986637353897
ndcg_10: 0.032341714948415756
ndcg_20: 0.04339820146560669
hit_1: 0.009640437727983325
hit_5: 0.03732412714955706
hit_10: 0.06591974986972382
hit_20: 0.10998566961959354
ap: 0.03134366497397423
no increase in recent 0 iters
eval time: 89.26879835128784
#########################################################
################## epoch 7 ###########################
loss: 275.1405, len_train_loader:2156, train time: 77.64899921417236
rectified_input_ratio: 0.0
rectified_target_ratio: 0.0
########## current_metrics ##########
ndcg_1: 0.011887701928087545
ndcg_5: 0.027178995311260223
ndcg_10: 0.0359085276722908
ndcg_20: 0.04737042635679245
hit_1: 0.011887701928087545
hit_5: 0.04276315789473684
hit_10: 0.07002344971339239
hit_20: 0.11562011464304325
ap: 0.03508385643362999
########## best_metrics ##########
ndcg_1: 0.011887701928087545
ndcg_5: 0.027178995311260223
ndcg_10: 0.0359085276722908
ndcg_20: 0.04737042635679245
hit_1: 0.011887701928087545
hit_5: 0.04276315789473684
hit_10: 0.07002344971339239
hit_20: 0.11562011464304325
ap: 0.03508385643362999
no increase in recent 0 iters
eval time: 94.9472963809967
#########################################################
################## epoch 8 ###########################
loss: 257.9367, len_train_loader:2156, train time: 83.32592868804932
rectified_input_ratio: 0.0
rectified_target_ratio: 0.0
########## current_metrics ##########
ndcg_1: 0.010812923397602918
ndcg_5: 0.02590957097709179
ndcg_10: 0.035383954644203186
ndcg_20: 0.04746206849813461
hit_1: 0.010812923397602918
hit_5: 0.04113470557582074
hit_10: 0.07073996873371548
hit_20: 0.11897472642001042
ap: 0.03438326716423035
########## best_metrics ##########
ndcg_1: 0.011887701928087545
ndcg_5: 0.027178995311260223
ndcg_10: 0.0359085276722908
ndcg_20: 0.04746206849813461
hit_1: 0.011887701928087545
hit_5: 0.04276315789473684
hit_10: 0.07073996873371548
hit_20: 0.11897472642001042
ap: 0.03508385643362999
no increase in recent 0 iters
eval time: 104.84370231628418
#########################################################
################## epoch 9 ###########################
loss: 246.3794, len_train_loader:2156, train time: 75.75120186805725
rectified_input_ratio: 0.0
rectified_target_ratio: 0.0
########## current_metrics ##########
ndcg_1: 0.011301459093277748
ndcg_5: 0.026950662955641747
ndcg_10: 0.03677261993288994
ndcg_20: 0.04974360764026642
hit_1: 0.011301459093277748
hit_5: 0.04289343408025013
hit_10: 0.07344319958311621
hit_20: 0.12509770713913496
ap: 0.03575911745429039
########## best_metrics ##########
ndcg_1: 0.011887701928087545
ndcg_5: 0.027178995311260223
ndcg_10: 0.03677261993288994
ndcg_20: 0.04974360764026642
hit_1: 0.011887701928087545
hit_5: 0.04289343408025013
hit_10: 0.07344319958311621
hit_20: 0.12509770713913496
ap: 0.03575911745429039
no increase in recent 0 iters
eval time: 107.56055951118469
#########################################################
################## epoch 10 ###########################
loss: 4473.242, len_train_loader:2156, train time: 83.1499388217926
rectified_input_ratio: 0.12888069450855255
rectified_target_ratio: 0.10765925794839859
########## current_metrics ##########
ndcg_1: 0.020485930171964564
ndcg_5: 0.043118804693222046
ndcg_10: 0.05603615567088127
ndcg_20: 0.0711686760187149
hit_1: 0.020485930171964564
hit_5: 0.06601745700885878
hit_10: 0.10620766023970818
hit_20: 0.16642782699322564
ap: 0.051952313631772995
########## best_metrics ##########
ndcg_1: 0.020485930171964564
ndcg_5: 0.043118804693222046
ndcg_10: 0.05603615567088127
ndcg_20: 0.0711686760187149
hit_1: 0.020485930171964564
hit_5: 0.06601745700885878
hit_10: 0.10620766023970818
hit_20: 0.16642782699322564
ap: 0.051952313631772995
no increase in recent 0 iters
eval time: 94.48053479194641
#########################################################
################## epoch 11 ###########################
loss: 4309.4648, len_train_loader:2156, train time: 88.1671872138977
rectified_input_ratio: 0.11428149789571762
rectified_target_ratio: 0.0963096097111702
########## current_metrics ##########
ndcg_1: 0.019671704012506515
ndcg_5: 0.04492131620645523
ndcg_10: 0.058204516768455505
ndcg_20: 0.07386083900928497
hit_1: 0.019671704012506515
hit_5: 0.06979546638874413
hit_10: 0.11132100052110475
hit_20: 0.17372329338196976
ap: 0.053476665169000626
########## best_metrics ##########
ndcg_1: 0.020485930171964564
ndcg_5: 0.04492131620645523
ndcg_10: 0.058204516768455505
ndcg_20: 0.07386083900928497
hit_1: 0.020485930171964564
hit_5: 0.06979546638874413
hit_10: 0.11132100052110475
hit_20: 0.17372329338196976
ap: 0.053476665169000626
no increase in recent 0 iters
eval time: 92.052973985672
#########################################################
################## epoch 12 ###########################
loss: 4243.3036, len_train_loader:2156, train time: 84.43515419960022
rectified_input_ratio: 0.10692951828241348
rectified_target_ratio: 0.08899400383234024
########## current_metrics ##########
ndcg_1: 0.020355653986451276
ndcg_5: 0.04550505056977272
ndcg_10: 0.059359531849622726
ndcg_20: 0.07567449659109116
hit_1: 0.020355653986451276
hit_5: 0.0704794163626889
hit_10: 0.11360083376758728
hit_20: 0.17844580510682648
ap: 0.05459202453494072
########## best_metrics ##########
ndcg_1: 0.020485930171964564
ndcg_5: 0.04550505056977272
ndcg_10: 0.059359531849622726
ndcg_20: 0.07567449659109116
hit_1: 0.020485930171964564
hit_5: 0.0704794163626889
hit_10: 0.11360083376758728
hit_20: 0.17844580510682648
ap: 0.05459202453494072
no increase in recent 0 iters
eval time: 95.47100925445557
#########################################################
################## epoch 13 ###########################
loss: 4184.0057, len_train_loader:2156, train time: 80.06183648109436
rectified_input_ratio: 0.10123909264802933
rectified_target_ratio: 0.08361309766769409
########## current_metrics ##########
ndcg_1: 0.021430432516935903
ndcg_5: 0.046975091099739075
ndcg_10: 0.061483707278966904
ndcg_20: 0.07759784907102585
hit_1: 0.021430432516935903
hit_5: 0.07223814486711828
hit_10: 0.11754168837936425
hit_20: 0.18173527879103699
ap: 0.056241318583488464
########## best_metrics ##########
ndcg_1: 0.021430432516935903
ndcg_5: 0.046975091099739075
ndcg_10: 0.061483707278966904
ndcg_20: 0.07759784907102585
hit_1: 0.021430432516935903
hit_5: 0.07223814486711828
hit_10: 0.11754168837936425
hit_20: 0.18173527879103699
ap: 0.056241318583488464
no increase in recent 0 iters
eval time: 85.33184885978699
#########################################################
################## epoch 14 ###########################
loss: 4133.8936, len_train_loader:2156, train time: 79.62702965736389
rectified_input_ratio: 0.09667333215475082
rectified_target_ratio: 0.07908851653337479
########## current_metrics ##########
ndcg_1: 0.0223097967691506
ndcg_5: 0.04788671433925629
ndcg_10: 0.0629672259092331
ndcg_20: 0.07917791604995728
hit_1: 0.0223097967691506
hit_5: 0.07344319958311621
hit_10: 0.1202774882751433
hit_20: 0.18482933819697758
ap: 0.057426292449235916
########## best_metrics ##########
ndcg_1: 0.0223097967691506
ndcg_5: 0.04788671433925629
ndcg_10: 0.0629672259092331
ndcg_20: 0.07917791604995728
hit_1: 0.0223097967691506
hit_5: 0.07344319958311621
hit_10: 0.1202774882751433
hit_20: 0.18482933819697758
ap: 0.057426292449235916
no increase in recent 0 iters
eval time: 79.74740099906921
#########################################################
################## epoch 15 ###########################
loss: 4083.1069, len_train_loader:2156, train time: 79.22894334793091
rectified_input_ratio: 0.0934702605009079
rectified_target_ratio: 0.07581902295351028
########## current_metrics ##########
ndcg_1: 0.021658415841584157
ndcg_5: 0.04834900051355362
ndcg_10: 0.06375578790903091
ndcg_20: 0.07978960126638412
hit_1: 0.021658415841584157
hit_5: 0.07468082334549245
hit_10: 0.12262245961438249
hit_20: 0.18636008337675872
ap: 0.057778991758823395
########## best_metrics ##########
ndcg_1: 0.0223097967691506
ndcg_5: 0.04834900051355362
ndcg_10: 0.06375578790903091
ndcg_20: 0.07978960126638412
hit_1: 0.0223097967691506
hit_5: 0.07468082334549245
hit_10: 0.12262245961438249
hit_20: 0.18636008337675872
ap: 0.057778991758823395
no increase in recent 0 iters
eval time: 79.04826784133911
#########################################################
################## epoch 16 ###########################
loss: 4037.3412, len_train_loader:2156, train time: 79.39942336082458
rectified_input_ratio: 0.09080427885055542
rectified_target_ratio: 0.07289176434278488
########## current_metrics ##########
ndcg_1: 0.022081813444502343
ndcg_5: 0.04983004555106163
ndcg_10: 0.06456451863050461
ndcg_20: 0.08142509311437607
hit_1: 0.022081813444502343
hit_5: 0.07780745179781136
hit_10: 0.12366466909848879
hit_20: 0.19072433559145388
ap: 0.0586744025349617
########## best_metrics ##########
ndcg_1: 0.0223097967691506
ndcg_5: 0.04983004555106163
ndcg_10: 0.06456451863050461
ndcg_20: 0.08142509311437607
hit_1: 0.0223097967691506
hit_5: 0.07780745179781136
hit_10: 0.12366466909848879
hit_20: 0.19072433559145388
ap: 0.0586744025349617
no increase in recent 0 iters
eval time: 85.18653607368469
#########################################################
################## epoch 17 ###########################
loss: 3992.7802, len_train_loader:2156, train time: 80.5485668182373
rectified_input_ratio: 0.08853325247764587
rectified_target_ratio: 0.07055742293596268
########## current_metrics ##########
ndcg_1: 0.02198410630536738
ndcg_5: 0.04995745047926903
ndcg_10: 0.06511714309453964
ndcg_20: 0.08179506659507751
hit_1: 0.02198410630536738
hit_5: 0.0780028660760813
hit_10: 0.12522798332464827
hit_20: 0.19147342365815528
ap: 0.05898336321115494
########## best_metrics ##########
ndcg_1: 0.0223097967691506
ndcg_5: 0.04995745047926903
ndcg_10: 0.06511714309453964
ndcg_20: 0.08179506659507751
hit_1: 0.0223097967691506
hit_5: 0.0780028660760813
hit_10: 0.12522798332464827
hit_20: 0.19147342365815528
ap: 0.05898336321115494
no increase in recent 0 iters
eval time: 83.41771793365479
#########################################################
################## epoch 18 ###########################
loss: 3952.2043, len_train_loader:2156, train time: 79.93126201629639
rectified_input_ratio: 0.08657186478376389
rectified_target_ratio: 0.06878925114870071
########## current_metrics ##########
ndcg_1: 0.021788692027097448
ndcg_5: 0.050132397562265396
ndcg_10: 0.06553656607866287
ndcg_20: 0.08247936517000198
hit_1: 0.021788692027097448
hit_5: 0.0782959874934862
hit_10: 0.12627019280875457
hit_20: 0.1936881188118812
ap: 0.05923903360962868
########## best_metrics ##########
ndcg_1: 0.0223097967691506
ndcg_5: 0.050132397562265396
ndcg_10: 0.06553656607866287
ndcg_20: 0.08247936517000198
hit_1: 0.0223097967691506
hit_5: 0.0782959874934862
hit_10: 0.12627019280875457
hit_20: 0.1936881188118812
ap: 0.05923903360962868
no increase in recent 0 iters
eval time: 86.1286346912384
#########################################################
################## epoch 19 ###########################
loss: 3913.9458, len_train_loader:2156, train time: 79.81832480430603
rectified_input_ratio: 0.08495566248893738
rectified_target_ratio: 0.06710455566644669
########## current_metrics ##########
ndcg_1: 0.02185383011985409
ndcg_5: 0.049786899238824844
ndcg_10: 0.06564384698867798
ndcg_20: 0.08233422785997391
hit_1: 0.02185383011985409
hit_5: 0.07790515893694633
hit_10: 0.12737754038561752
hit_20: 0.19372068785825952
ap: 0.05907486379146576
########## best_metrics ##########
ndcg_1: 0.0223097967691506
ndcg_5: 0.050132397562265396
ndcg_10: 0.06564384698867798
ndcg_20: 0.08247936517000198
hit_1: 0.0223097967691506
hit_5: 0.0782959874934862
hit_10: 0.12737754038561752
hit_20: 0.19372068785825952
ap: 0.05923903360962868
no increase in recent 0 iters
eval time: 86.37167000770569
#########################################################
################## epoch 20 ###########################
loss: 3876.3768, len_train_loader:2156, train time: 81.27811479568481
rectified_input_ratio: 0.08360451459884644
rectified_target_ratio: 0.06620483845472336
########## current_metrics ##########
ndcg_1: 0.021788692027097448
ndcg_5: 0.04962335526943207
ndcg_10: 0.06555689126253128
ndcg_20: 0.08275388181209564
hit_1: 0.021788692027097448
hit_5: 0.07748176133402813
hit_10: 0.12718212610734758
hit_20: 0.19554455445544555
ap: 0.05912723019719124
########## best_metrics ##########
ndcg_1: 0.0223097967691506
ndcg_5: 0.050132397562265396
ndcg_10: 0.06564384698867798
ndcg_20: 0.08275388181209564
hit_1: 0.0223097967691506
hit_5: 0.0782959874934862
hit_10: 0.12737754038561752
hit_20: 0.19554455445544555
ap: 0.05923903360962868
no increase in recent 0 iters
eval time: 81.98591756820679
#########################################################
################## epoch 21 ###########################
loss: 3845.5101, len_train_loader:2156, train time: 82.38396191596985
rectified_input_ratio: 0.08241312950849533
rectified_target_ratio: 0.06500967592000961
########## current_metrics ##########
ndcg_1: 0.02214695153725899
ndcg_5: 0.050186142325401306
ndcg_10: 0.06616076827049255
ndcg_20: 0.08344189077615738
hit_1: 0.02214695153725899
hit_5: 0.0782959874934862
hit_10: 0.1279637832204273
hit_20: 0.1966519020323085
ap: 0.05968742072582245
########## best_metrics ##########
ndcg_1: 0.0223097967691506
ndcg_5: 0.050186142325401306
ndcg_10: 0.06616076827049255
ndcg_20: 0.08344189077615738
hit_1: 0.0223097967691506
hit_5: 0.0782959874934862
hit_10: 0.1279637832204273
hit_20: 0.1966519020323085
ap: 0.05968742072582245
no increase in recent 0 iters
eval time: 91.61034178733826
#########################################################
################## epoch 22 ###########################
loss: 3813.6809, len_train_loader:2156, train time: 81.34971857070923
rectified_input_ratio: 0.0812835767865181
rectified_target_ratio: 0.06433537602424622
########## current_metrics ##########
ndcg_1: 0.022212089630015634
ndcg_5: 0.05050306022167206
ndcg_10: 0.06609337776899338
ndcg_20: 0.08386687934398651
hit_1: 0.022212089630015634
hit_5: 0.07907764460656592
hit_10: 0.12770323084940072
hit_20: 0.19837806149035955
ap: 0.05974813550710678
########## best_metrics ##########
ndcg_1: 0.0223097967691506
ndcg_5: 0.05050306022167206
ndcg_10: 0.06616076827049255
ndcg_20: 0.08386687934398651
hit_1: 0.0223097967691506
hit_5: 0.07907764460656592
hit_10: 0.1279637832204273
hit_20: 0.19837806149035955
ap: 0.05974813550710678
no increase in recent 0 iters
eval time: 97.33782172203064
#########################################################
################## epoch 23 ###########################
loss: 3787.484, len_train_loader:2156, train time: 88.63750529289246
rectified_input_ratio: 0.08034481108188629
rectified_target_ratio: 0.06347735226154327
########## current_metrics ##########
ndcg_1: 0.02234236581552892
ndcg_5: 0.05074897035956383
ndcg_10: 0.06666719168424606
ndcg_20: 0.08367063105106354
hit_1: 0.02234236581552892
hit_5: 0.07924048983845754
hit_10: 0.12903856175091194
hit_20: 0.19661933298593018
ap: 0.06000605225563049
########## best_metrics ##########
ndcg_1: 0.02234236581552892
ndcg_5: 0.05074897035956383
ndcg_10: 0.06666719168424606
ndcg_20: 0.08386687934398651
hit_1: 0.02234236581552892
hit_5: 0.07924048983845754
hit_10: 0.12903856175091194
hit_20: 0.19837806149035955
ap: 0.06000605225563049
no increase in recent 0 iters
eval time: 100.88038158416748
#########################################################
################## epoch 24 ###########################
loss: 3762.0224, len_train_loader:2156, train time: 85.00602221488953
rectified_input_ratio: 0.07956211268901825
rectified_target_ratio: 0.06291334331035614
########## current_metrics ##########
ndcg_1: 0.022440072954663888
ndcg_5: 0.05029795691370964
ndcg_10: 0.06632864475250244
ndcg_20: 0.08391884714365005
hit_1: 0.022440072954663888
hit_5: 0.07810057321521625
hit_10: 0.12819176654507555
hit_20: 0.19808494007295466
ap: 0.05992010608315468
########## best_metrics ##########
ndcg_1: 0.022440072954663888
ndcg_5: 0.05074897035956383
ndcg_10: 0.06666719168424606
ndcg_20: 0.08391884714365005
hit_1: 0.022440072954663888
hit_5: 0.07924048983845754
hit_10: 0.12903856175091194
hit_20: 0.19837806149035955
ap: 0.06000605225563049
no increase in recent 0 iters
eval time: 96.71988415718079
#########################################################
################## epoch 25 ###########################
loss: 3737.7881, len_train_loader:2156, train time: 84.2469277381897
rectified_input_ratio: 0.07870741933584213
rectified_target_ratio: 0.0624617338180542
########## current_metrics ##########
ndcg_1: 0.022570349140177175
ndcg_5: 0.05037708580493927
ndcg_10: 0.06681472808122635
ndcg_20: 0.08382605016231537
hit_1: 0.022570349140177175
hit_5: 0.07806800416883794
hit_10: 0.12939682126107346
hit_20: 0.19714043772798331
ap: 0.06009693443775177
########## best_metrics ##########
ndcg_1: 0.022570349140177175
ndcg_5: 0.05074897035956383
ndcg_10: 0.06681472808122635
ndcg_20: 0.08391884714365005
hit_1: 0.022570349140177175
hit_5: 0.07924048983845754
hit_10: 0.12939682126107346
hit_20: 0.19837806149035955
ap: 0.06009693443775177
no increase in recent 0 iters
eval time: 94.3160674571991
#########################################################
################## epoch 26 ###########################
loss: 3717.8544, len_train_loader:2156, train time: 86.926913022995
rectified_input_ratio: 0.0781690776348114
rectified_target_ratio: 0.062087129801511765
########## current_metrics ##########
ndcg_1: 0.022537780093798854
ndcg_5: 0.05061618611216545
ndcg_10: 0.0661003589630127
ndcg_20: 0.08366163074970245
hit_1: 0.022537780093798854
hit_5: 0.07894736842105263
hit_10: 0.1272472642001042
hit_20: 0.19714043772798331
ap: 0.05994046851992607
########## best_metrics ##########
ndcg_1: 0.022570349140177175
ndcg_5: 0.05074897035956383
ndcg_10: 0.06681472808122635
ndcg_20: 0.08391884714365005
hit_1: 0.022570349140177175
hit_5: 0.07924048983845754
hit_10: 0.12939682126107346
hit_20: 0.19837806149035955
ap: 0.06009693443775177
no increase in recent 1 iters
eval time: 90.7245740890503
#########################################################
################## epoch 27 ###########################
loss: 3697.8923, len_train_loader:2156, train time: 87.75612688064575
rectified_input_ratio: 0.07751509547233582
rectified_target_ratio: 0.06161439046263695
########## current_metrics ##########
ndcg_1: 0.02250521104742053
ndcg_5: 0.05046825855970383
ndcg_10: 0.06622852385044098
ndcg_20: 0.08391549438238144
hit_1: 0.02250521104742053
hit_5: 0.07813314226159458
hit_10: 0.12737754038561752
hit_20: 0.1976941115164148
ap: 0.06011321768164635
########## best_metrics ##########
ndcg_1: 0.022570349140177175
ndcg_5: 0.05074897035956383
ndcg_10: 0.06681472808122635
ndcg_20: 0.08391884714365005
hit_1: 0.022570349140177175
hit_5: 0.07924048983845754
hit_10: 0.12939682126107346
hit_20: 0.19837806149035955
ap: 0.06011321768164635
no increase in recent 0 iters
eval time: 97.28701710700989
#########################################################
################## epoch 28 ###########################
loss: 3681.5165, len_train_loader:2156, train time: 84.12831163406372
rectified_input_ratio: 0.07684176415205002
rectified_target_ratio: 0.06113174930214882
########## current_metrics ##########
ndcg_1: 0.022668056279312142
ndcg_5: 0.05046142265200615
ndcg_10: 0.06621157377958298
ndcg_20: 0.08385113626718521
hit_1: 0.022668056279312142
hit_5: 0.07823084940072955
hit_10: 0.12727983324648254
hit_20: 0.19733585200625325
ap: 0.06015283241868019
########## best_metrics ##########
ndcg_1: 0.022668056279312142
ndcg_5: 0.05074897035956383
ndcg_10: 0.06681472808122635
ndcg_20: 0.08391884714365005
hit_1: 0.022668056279312142
hit_5: 0.07924048983845754
hit_10: 0.12939682126107346
hit_20: 0.19837806149035955
ap: 0.06015283241868019
no increase in recent 0 iters
eval time: 94.94890189170837
#########################################################
################## epoch 29 ###########################
loss: 3665.6829, len_train_loader:2156, train time: 84.24777436256409
rectified_input_ratio: 0.07635600864887238
rectified_target_ratio: 0.06066040322184563
########## current_metrics ##########
ndcg_1: 0.022570349140177175
ndcg_5: 0.050692811608314514
ndcg_10: 0.0664396584033966
ndcg_20: 0.08388128131628036
hit_1: 0.022570349140177175
hit_5: 0.07849140177175612
hit_10: 0.1276380927566441
hit_20: 0.1969450234497134
ap: 0.060282934457063675
########## best_metrics ##########
ndcg_1: 0.022668056279312142
ndcg_5: 0.05074897035956383
ndcg_10: 0.06681472808122635
ndcg_20: 0.08391884714365005
hit_1: 0.022668056279312142
hit_5: 0.07924048983845754
hit_10: 0.12939682126107346
hit_20: 0.19837806149035955
ap: 0.060282934457063675
no increase in recent 0 iters
eval time: 97.43130421638489
#########################################################
################## epoch 30 ###########################
loss: 3653.1612, len_train_loader:2156, train time: 84.63051295280457
rectified_input_ratio: 0.0759454071521759
rectified_target_ratio: 0.06031202897429466
########## current_metrics ##########
ndcg_1: 0.02309145388223033
ndcg_5: 0.05057903379201889
ndcg_10: 0.06617458909749985
ndcg_20: 0.0840105265378952
hit_1: 0.02309145388223033
hit_5: 0.07819828035435122
hit_10: 0.1266284523189161
hit_20: 0.1974009900990099
ap: 0.0603485181927681
########## best_metrics ##########
ndcg_1: 0.02309145388223033
ndcg_5: 0.05074897035956383
ndcg_10: 0.06681472808122635
ndcg_20: 0.0840105265378952
hit_1: 0.02309145388223033
hit_5: 0.07924048983845754
hit_10: 0.12939682126107346
hit_20: 0.19837806149035955
ap: 0.0603485181927681
no increase in recent 0 iters
eval time: 93.16349148750305
#########################################################
################## epoch 31 ###########################
loss: 3638.8729, len_train_loader:2156, train time: 82.48884510993958
rectified_input_ratio: 0.07549826055765152
rectified_target_ratio: 0.059936076402664185
########## current_metrics ##########
ndcg_1: 0.023189161021365295
ndcg_5: 0.050694677978754044
ndcg_10: 0.06672117859125137
ndcg_20: 0.08438853174448013
hit_1: 0.023189161021365295
hit_5: 0.07806800416883794
hit_10: 0.1280940594059406
hit_20: 0.19837806149035955
ap: 0.06054580211639404
########## best_metrics ##########
ndcg_1: 0.023189161021365295
ndcg_5: 0.05074897035956383
ndcg_10: 0.06681472808122635
ndcg_20: 0.08438853174448013
hit_1: 0.023189161021365295
hit_5: 0.07924048983845754
hit_10: 0.12939682126107346
hit_20: 0.19837806149035955
ap: 0.06054580211639404
no increase in recent 0 iters
eval time: 95.00304317474365
#########################################################
################## epoch 32 ###########################
loss: 3627.158, len_train_loader:2156, train time: 85.55200815200806
rectified_input_ratio: 0.07513552904129028
rectified_target_ratio: 0.05973559617996216
########## current_metrics ##########
ndcg_1: 0.023547420531526836
ndcg_5: 0.050696372985839844
ndcg_10: 0.06678976863622665
ndcg_20: 0.08446185290813446
hit_1: 0.023547420531526836
hit_5: 0.07767717561229807
hit_10: 0.12783350703491403
hit_20: 0.1981500781657113
ap: 0.06071607396006584
########## best_metrics ##########
ndcg_1: 0.023547420531526836
ndcg_5: 0.05074897035956383
ndcg_10: 0.06681472808122635
ndcg_20: 0.08446185290813446
hit_1: 0.023547420531526836
hit_5: 0.07924048983845754
hit_10: 0.12939682126107346
hit_20: 0.19837806149035955
ap: 0.06071607396006584
no increase in recent 0 iters
eval time: 91.57698440551758
#########################################################
################## epoch 33 ###########################
loss: 3616.3548, len_train_loader:2156, train time: 85.12703132629395
rectified_input_ratio: 0.07473544031381607
rectified_target_ratio: 0.059381529688835144
########## current_metrics ##########
ndcg_1: 0.023514851485148515
ndcg_5: 0.0504993312060833
ndcg_10: 0.06672069430351257
ndcg_20: 0.08425240218639374
hit_1: 0.023514851485148515
hit_5: 0.07731891610213652
hit_10: 0.12799635226680564
hit_20: 0.19762897342365815
ap: 0.06060495972633362
########## best_metrics ##########
ndcg_1: 0.023547420531526836
ndcg_5: 0.05074897035956383
ndcg_10: 0.06681472808122635
ndcg_20: 0.08446185290813446
hit_1: 0.023547420531526836
hit_5: 0.07924048983845754
hit_10: 0.12939682126107346
hit_20: 0.19837806149035955
ap: 0.06071607396006584
no increase in recent 1 iters
eval time: 98.68072628974915
#########################################################
################## epoch 34 ###########################
loss: 3605.6231, len_train_loader:2156, train time: 83.79445815086365
rectified_input_ratio: 0.07438662648200989
rectified_target_ratio: 0.059218309819698334
########## current_metrics ##########
ndcg_1: 0.023547420531526836
ndcg_5: 0.050414424389600754
ndcg_10: 0.06635649502277374
ndcg_20: 0.08410365134477615
hit_1: 0.023547420531526836
hit_5: 0.07735148514851485
hit_10: 0.1270518499218343
hit_20: 0.1974335591453882
ap: 0.060502879321575165
########## best_metrics ##########
ndcg_1: 0.023547420531526836
ndcg_5: 0.05074897035956383
ndcg_10: 0.06681472808122635
ndcg_20: 0.08446185290813446
hit_1: 0.023547420531526836
hit_5: 0.07924048983845754
hit_10: 0.12939682126107346
hit_20: 0.19837806149035955
ap: 0.06071607396006584
no increase in recent 2 iters
eval time: 89.38141894340515
#########################################################
################## epoch 35 ###########################
loss: 3594.2175, len_train_loader:2156, train time: 84.06362247467041
rectified_input_ratio: 0.07407072931528091
rectified_target_ratio: 0.059131063520908356
########## current_metrics ##########
ndcg_1: 0.02325429911412194
ndcg_5: 0.05059448257088661
ndcg_10: 0.06652763485908508
ndcg_20: 0.08396009355783463
hit_1: 0.02325429911412194
hit_5: 0.07780745179781136
hit_10: 0.12744267847837415
hit_20: 0.19674960917144346
ap: 0.0605020597577095
########## best_metrics ##########
ndcg_1: 0.023547420531526836
ndcg_5: 0.05074897035956383
ndcg_10: 0.06681472808122635
ndcg_20: 0.08446185290813446
hit_1: 0.023547420531526836
hit_5: 0.07924048983845754
hit_10: 0.12939682126107346
hit_20: 0.19837806149035955
ap: 0.06071607396006584
no increase in recent 3 iters
eval time: 96.28790235519409
#########################################################
################## epoch 36 ###########################
loss: 3586.9882, len_train_loader:2156, train time: 84.35256290435791
rectified_input_ratio: 0.0738486647605896
rectified_target_ratio: 0.058838579803705215
########## current_metrics ##########
ndcg_1: 0.023514851485148515
ndcg_5: 0.050316885113716125
ndcg_10: 0.06599216908216476
ndcg_20: 0.08346104621887207
hit_1: 0.023514851485148515
hit_5: 0.07741662324127149
hit_10: 0.12623762376237624
hit_20: 0.19557712350182388
ap: 0.060237277299165726
########## best_metrics ##########
ndcg_1: 0.023547420531526836
ndcg_5: 0.05074897035956383
ndcg_10: 0.06681472808122635
ndcg_20: 0.08446185290813446
hit_1: 0.023547420531526836
hit_5: 0.07924048983845754
hit_10: 0.12939682126107346
hit_20: 0.19837806149035955
ap: 0.06071607396006584
no increase in recent 4 iters
eval time: 90.32009482383728
#########################################################
################## epoch 37 ###########################
loss: 3579.7711, len_train_loader:2156, train time: 85.44089007377625
rectified_input_ratio: 0.07351658493280411
rectified_target_ratio: 0.05858675763010979
########## current_metrics ##########
ndcg_1: 0.02263548723293382
ndcg_5: 0.05097947642207146
ndcg_10: 0.0659402459859848
ndcg_20: 0.08369319885969162
hit_1: 0.02263548723293382
hit_5: 0.07969645648775404
hit_10: 0.12643303804064618
hit_20: 0.19717300677436164
ap: 0.06004142016172409
########## best_metrics ##########
ndcg_1: 0.023547420531526836
ndcg_5: 0.05097947642207146
ndcg_10: 0.06681472808122635
ndcg_20: 0.08446185290813446
hit_1: 0.023547420531526836
hit_5: 0.07969645648775404
hit_10: 0.12939682126107346
hit_20: 0.19837806149035955
ap: 0.06071607396006584
no increase in recent 0 iters
eval time: 90.30767393112183
#########################################################
################## epoch 38 ###########################
loss: 3574.21, len_train_loader:2156, train time: 84.07456755638123
rectified_input_ratio: 0.07322794198989868
rectified_target_ratio: 0.05833728611469269
########## current_metrics ##########
ndcg_1: 0.023221730067743616
ndcg_5: 0.05082780122756958
ndcg_10: 0.06626985967159271
ndcg_20: 0.08412446826696396
hit_1: 0.023221730067743616
hit_5: 0.0784588327253778
hit_10: 0.1265958832725378
hit_20: 0.1976941115164148
ap: 0.06045583263039589
########## best_metrics ##########
ndcg_1: 0.023547420531526836
ndcg_5: 0.05097947642207146
ndcg_10: 0.06681472808122635
ndcg_20: 0.08446185290813446
hit_1: 0.023547420531526836
hit_5: 0.07969645648775404
hit_10: 0.12939682126107346
hit_20: 0.19837806149035955
ap: 0.06071607396006584
no increase in recent 1 iters
eval time: 95.38143491744995
#########################################################
################## epoch 39 ###########################
loss: 3566.5753, len_train_loader:2156, train time: 84.49986028671265
rectified_input_ratio: 0.07289715111255646
rectified_target_ratio: 0.058227408677339554
########## current_metrics ##########
ndcg_1: 0.02279833246482543
ndcg_5: 0.0507316030561924
ndcg_10: 0.06605986505746841
ndcg_20: 0.08385766297578812
hit_1: 0.02279833246482543
hit_5: 0.07855653986451276
hit_10: 0.1263353309015112
hit_20: 0.19704273058884836
ap: 0.060297418385744095
########## best_metrics ##########
ndcg_1: 0.023547420531526836
ndcg_5: 0.05097947642207146
ndcg_10: 0.06681472808122635
ndcg_20: 0.08446185290813446
hit_1: 0.023547420531526836
hit_5: 0.07969645648775404
hit_10: 0.12939682126107346
hit_20: 0.19837806149035955
ap: 0.06071607396006584
no increase in recent 2 iters
eval time: 91.08129477500916
#########################################################
################## epoch 40 ###########################
loss: 3558.8687, len_train_loader:2156, train time: 86.31329441070557
rectified_input_ratio: 0.07270397245883942
rectified_target_ratio: 0.05813028663396835
########## current_metrics ##########
ndcg_1: 0.02325429911412194
ndcg_5: 0.05120587721467018
ndcg_10: 0.06652816385030746
ndcg_20: 0.08425459265708923
hit_1: 0.02325429911412194
hit_5: 0.07894736842105263
hit_10: 0.1267587285044294
hit_20: 0.19720557582073997
ap: 0.060751430690288544
########## best_metrics ##########
ndcg_1: 0.023547420531526836
ndcg_5: 0.05120587721467018
ndcg_10: 0.06681472808122635
ndcg_20: 0.08446185290813446
hit_1: 0.023547420531526836
hit_5: 0.07969645648775404
hit_10: 0.12939682126107346
hit_20: 0.19837806149035955
ap: 0.060751430690288544
no increase in recent 0 iters
eval time: 93.67774367332458
#########################################################
################## epoch 41 ###########################
loss: 3555.3215, len_train_loader:2156, train time: 86.93364524841309
rectified_input_ratio: 0.0724540427327156
rectified_target_ratio: 0.05784841254353523
########## current_metrics ##########
ndcg_1: 0.023221730067743616
ndcg_5: 0.05120140686631203
ndcg_10: 0.06652514636516571
ndcg_20: 0.08414914458990097
hit_1: 0.023221730067743616
hit_5: 0.0790450755601876
hit_10: 0.12685643564356436
hit_20: 0.1969450234497134
ap: 0.060672808438539505
########## best_metrics ##########
ndcg_1: 0.023547420531526836
ndcg_5: 0.05120587721467018
ndcg_10: 0.06681472808122635
ndcg_20: 0.08446185290813446
hit_1: 0.023547420531526836
hit_5: 0.07969645648775404
hit_10: 0.12939682126107346
hit_20: 0.19837806149035955
ap: 0.060751430690288544
no increase in recent 1 iters
eval time: 89.57082962989807
#########################################################
################## epoch 42 ###########################
loss: 3548.8686, len_train_loader:2156, train time: 84.97752547264099
rectified_input_ratio: 0.07228729128837585
rectified_target_ratio: 0.05773798003792763
########## current_metrics ##########
ndcg_1: 0.02309145388223033
ndcg_5: 0.05103439465165138
ndcg_10: 0.06654676049947739
ndcg_20: 0.08431905508041382
hit_1: 0.02309145388223033
hit_5: 0.07881709223553934
hit_10: 0.1272472642001042
hit_20: 0.19801980198019803
ap: 0.06060056760907173
########## best_metrics ##########
ndcg_1: 0.023547420531526836
ndcg_5: 0.05120587721467018
ndcg_10: 0.06681472808122635
ndcg_20: 0.08446185290813446
hit_1: 0.023547420531526836
hit_5: 0.07969645648775404
hit_10: 0.12939682126107346
hit_20: 0.19837806149035955
ap: 0.060751430690288544
no increase in recent 2 iters
eval time: 85.33070707321167
#########################################################
################## epoch 43 ###########################
loss: 3542.0312, len_train_loader:2156, train time: 84.49061465263367
rectified_input_ratio: 0.07205551862716675
rectified_target_ratio: 0.05769110098481178
########## current_metrics ##########
ndcg_1: 0.023677696717040127
ndcg_5: 0.05144265294075012
ndcg_10: 0.06715014576911926
ndcg_20: 0.08478923887014389
hit_1: 0.023677696717040127
hit_5: 0.07927305888483585
hit_10: 0.12835461177696716
hit_20: 0.19867118290776445
ap: 0.061012089252471924
########## best_metrics ##########
ndcg_1: 0.023677696717040127
ndcg_5: 0.05144265294075012
ndcg_10: 0.06715014576911926
ndcg_20: 0.08478923887014389
hit_1: 0.023677696717040127
hit_5: 0.07969645648775404
hit_10: 0.12939682126107346
hit_20: 0.19867118290776445
ap: 0.061012089252471924
no increase in recent 0 iters
eval time: 98.42096209526062
#########################################################
################## epoch 44 ###########################
loss: 3539.9772, len_train_loader:2156, train time: 81.81093263626099
rectified_input_ratio: 0.0719398632645607
rectified_target_ratio: 0.057397883385419846
########## current_metrics ##########
ndcg_1: 0.02312402292860865
ndcg_5: 0.051295168697834015
ndcg_10: 0.06704539805650711
ndcg_20: 0.08446405827999115
hit_1: 0.02312402292860865
hit_5: 0.07930562793121418
hit_10: 0.12861516414799376
hit_20: 0.19785695674830642
ap: 0.060773815959692
########## best_metrics ##########
ndcg_1: 0.023677696717040127
ndcg_5: 0.05144265294075012
ndcg_10: 0.06715014576911926
ndcg_20: 0.08478923887014389
hit_1: 0.023677696717040127
hit_5: 0.07969645648775404
hit_10: 0.12939682126107346
hit_20: 0.19867118290776445
ap: 0.061012089252471924
no increase in recent 1 iters
eval time: 91.23591136932373
#########################################################
################## epoch 45 ###########################
loss: 3534.9138, len_train_loader:2156, train time: 82.49890780448914
rectified_input_ratio: 0.07174567878246307
rectified_target_ratio: 0.05723199620842934
########## current_metrics ##########
ndcg_1: 0.022928608650338717
ndcg_5: 0.05116025358438492
ndcg_10: 0.06683403253555298
ndcg_20: 0.08455801010131836
hit_1: 0.022928608650338717
hit_5: 0.0795010422094841
hit_10: 0.12832204273058884
hit_20: 0.19880145909327776
ap: 0.06060102954506874
########## best_metrics ##########
ndcg_1: 0.023677696717040127
ndcg_5: 0.05144265294075012
ndcg_10: 0.06715014576911926
ndcg_20: 0.08478923887014389
hit_1: 0.023677696717040127
hit_5: 0.07969645648775404
hit_10: 0.12939682126107346
hit_20: 0.19880145909327776
ap: 0.061012089252471924
no increase in recent 0 iters
eval time: 96.6405463218689
#########################################################
################## epoch 46 ###########################
loss: 3529.619, len_train_loader:2156, train time: 82.79228973388672
rectified_input_ratio: 0.07158990204334259
rectified_target_ratio: 0.05722750350832939
########## current_metrics ##########
ndcg_1: 0.023189161021365295
ndcg_5: 0.05166370049118996
ndcg_10: 0.0669480562210083
ndcg_20: 0.08473507314920425
hit_1: 0.023189161021365295
hit_5: 0.08015242313705055
hit_10: 0.12783350703491403
hit_20: 0.19854090672225116
ap: 0.06091245263814926
########## best_metrics ##########
ndcg_1: 0.023677696717040127
ndcg_5: 0.05166370049118996
ndcg_10: 0.06715014576911926
ndcg_20: 0.08478923887014389
hit_1: 0.023677696717040127
hit_5: 0.08015242313705055
hit_10: 0.12939682126107346
hit_20: 0.19880145909327776
ap: 0.061012089252471924
no increase in recent 0 iters
eval time: 94.09563755989075
#########################################################
################## epoch 47 ###########################
loss: 3526.9754, len_train_loader:2156, train time: 81.9283664226532
rectified_input_ratio: 0.07137823104858398
rectified_target_ratio: 0.05707450956106186
########## current_metrics ##########
ndcg_1: 0.023189161021365295
ndcg_5: 0.05140610411763191
ndcg_10: 0.06671001017093658
ndcg_20: 0.08423899114131927
hit_1: 0.023189161021365295
hit_5: 0.07959874934861907
hit_10: 0.1272472642001042
hit_20: 0.1969450234497134
ap: 0.060763925313949585
########## best_metrics ##########
ndcg_1: 0.023677696717040127
ndcg_5: 0.05166370049118996
ndcg_10: 0.06715014576911926
ndcg_20: 0.08478923887014389
hit_1: 0.023677696717040127
hit_5: 0.08015242313705055
hit_10: 0.12939682126107346
hit_20: 0.19880145909327776
ap: 0.061012089252471924
no increase in recent 1 iters
eval time: 91.94005608558655
#########################################################
################## epoch 48 ###########################
loss: 3525.3565, len_train_loader:2156, train time: 83.5809440612793
rectified_input_ratio: 0.07117156684398651
rectified_target_ratio: 0.056912895292043686
########## current_metrics ##########
ndcg_1: 0.023710265763418448
ndcg_5: 0.05134585499763489
ndcg_10: 0.06707102060317993
ndcg_20: 0.08421152830123901
hit_1: 0.023710265763418448
hit_5: 0.07930562793121418
hit_10: 0.12832204273058884
hit_20: 0.1965216258467952
ap: 0.06085215136408806
########## best_metrics ##########
ndcg_1: 0.023710265763418448
ndcg_5: 0.05166370049118996
ndcg_10: 0.06715014576911926
ndcg_20: 0.08478923887014389
hit_1: 0.023710265763418448
hit_5: 0.08015242313705055
hit_10: 0.12939682126107346
hit_20: 0.19880145909327776
ap: 0.061012089252471924
no increase in recent 0 iters
eval time: 93.78320837020874
#########################################################
################## epoch 49 ###########################
loss: 3518.5679, len_train_loader:2156, train time: 84.89428663253784
rectified_input_ratio: 0.07100174576044083
rectified_target_ratio: 0.05683526396751404
########## current_metrics ##########
ndcg_1: 0.022863470557582075
ndcg_5: 0.0509406253695488
ndcg_10: 0.0666179209947586
ndcg_20: 0.0841926857829094
hit_1: 0.022863470557582075
hit_5: 0.07907764460656592
hit_10: 0.12799635226680564
hit_20: 0.19795466388744137
ap: 0.06039378046989441
########## best_metrics ##########
ndcg_1: 0.023710265763418448
ndcg_5: 0.05166370049118996
ndcg_10: 0.06715014576911926
ndcg_20: 0.08478923887014389
hit_1: 0.023710265763418448
hit_5: 0.08015242313705055
hit_10: 0.12939682126107346
hit_20: 0.19880145909327776
ap: 0.061012089252471924
no increase in recent 1 iters
eval time: 92.88873600959778
#########################################################
################## epoch 50 ###########################
loss: 3519.6784, len_train_loader:2156, train time: 83.33621096611023
rectified_input_ratio: 0.07086902856826782
rectified_target_ratio: 0.05664297193288803
########## current_metrics ##########
ndcg_1: 0.022993746743095362
ndcg_5: 0.050713151693344116
ndcg_10: 0.06637882441282272
ndcg_20: 0.08371704816818237
hit_1: 0.022993746743095362
hit_5: 0.07862167795726942
hit_10: 0.12744267847837415
hit_20: 0.1963913496612819
ap: 0.060273535549640656
########## best_metrics ##########
ndcg_1: 0.023710265763418448
ndcg_5: 0.05166370049118996
ndcg_10: 0.06715014576911926
ndcg_20: 0.08478923887014389
hit_1: 0.023710265763418448
hit_5: 0.08015242313705055
hit_10: 0.12939682126107346
hit_20: 0.19880145909327776
ap: 0.061012089252471924
no increase in recent 2 iters
eval time: 93.40785479545593
#########################################################
################## epoch 51 ###########################
loss: 3515.5759, len_train_loader:2156, train time: 83.92727303504944
rectified_input_ratio: 0.07075539231300354
rectified_target_ratio: 0.05652927979826927
########## current_metrics ##########
ndcg_1: 0.023645127670661802
ndcg_5: 0.051093436777591705
ndcg_10: 0.0665474385023117
ndcg_20: 0.08425366878509521
hit_1: 0.023645127670661802
hit_5: 0.0784588327253778
hit_10: 0.12653074517978113
hit_20: 0.1969450234497134
ap: 0.06082544103264809
########## best_metrics ##########
ndcg_1: 0.023710265763418448
ndcg_5: 0.05166370049118996
ndcg_10: 0.06715014576911926
ndcg_20: 0.08478923887014389
hit_1: 0.023710265763418448
hit_5: 0.08015242313705055
hit_10: 0.12939682126107346
hit_20: 0.19880145909327776
ap: 0.061012089252471924
no increase in recent 3 iters
eval time: 89.19596862792969
#########################################################
################## epoch 52 ###########################
loss: 3512.4787, len_train_loader:2156, train time: 85.56830096244812
rectified_input_ratio: 0.07069279253482819
rectified_target_ratio: 0.05663527175784111
########## current_metrics ##########
ndcg_1: 0.02296117769671704
ndcg_5: 0.050351109355688095
ndcg_10: 0.06605102866888046
ndcg_20: 0.08404454588890076
hit_1: 0.02296117769671704
hit_5: 0.07754689942678479
hit_10: 0.12646560708702448
hit_20: 0.19805237102657633
ap: 0.0602310374379158
########## best_metrics ##########
ndcg_1: 0.023710265763418448
ndcg_5: 0.05166370049118996
ndcg_10: 0.06715014576911926
ndcg_20: 0.08478923887014389
hit_1: 0.023710265763418448
hit_5: 0.08015242313705055
hit_10: 0.12939682126107346
hit_20: 0.19880145909327776
ap: 0.061012089252471924
no increase in recent 4 iters
eval time: 99.34007215499878
#########################################################
################## epoch 53 ###########################
loss: 3507.1833, len_train_loader:2156, train time: 84.52630925178528
rectified_input_ratio: 0.07063786685466766
rectified_target_ratio: 0.05664333701133728
########## current_metrics ##########
ndcg_1: 0.02344971339239187
ndcg_5: 0.05089384317398071
ndcg_10: 0.06618257611989975
ndcg_20: 0.08422510325908661
hit_1: 0.02344971339239187
hit_5: 0.0781657113079729
hit_10: 0.12584679520583636
hit_20: 0.19749869723814487
ap: 0.06062733754515648
########## best_metrics ##########
ndcg_1: 0.023710265763418448
ndcg_5: 0.05166370049118996
ndcg_10: 0.06715014576911926
ndcg_20: 0.08478923887014389
hit_1: 0.023710265763418448
hit_5: 0.08015242313705055
hit_10: 0.12939682126107346
hit_20: 0.19880145909327776
ap: 0.061012089252471924
no increase in recent 5 iters
eval time: 94.92740392684937
#########################################################
################## epoch 54 ###########################
loss: 3503.5485, len_train_loader:2156, train time: 84.11436176300049
rectified_input_ratio: 0.07047734409570694
rectified_target_ratio: 0.056558724492788315
########## current_metrics ##########
ndcg_1: 0.02312402292860865
ndcg_5: 0.05149335041642189
ndcg_10: 0.0666428953409195
ndcg_20: 0.08433245122432709
hit_1: 0.02312402292860865
hit_5: 0.079794163626889
hit_10: 0.1270844189682126
hit_20: 0.1974009900990099
ap: 0.060727592557668686
########## best_metrics ##########
ndcg_1: 0.023710265763418448
ndcg_5: 0.05166370049118996
ndcg_10: 0.06715014576911926
ndcg_20: 0.08478923887014389
hit_1: 0.023710265763418448
hit_5: 0.08015242313705055
hit_10: 0.12939682126107346
hit_20: 0.19880145909327776
ap: 0.061012089252471924
no increase in recent 6 iters
eval time: 91.34223818778992
#########################################################
################## epoch 55 ###########################
loss: 3503.0966, len_train_loader:2156, train time: 84.59477162361145
rectified_input_ratio: 0.07033951580524445
rectified_target_ratio: 0.05644109472632408
########## current_metrics ##########
ndcg_1: 0.022993746743095362
ndcg_5: 0.05107230320572853
ndcg_10: 0.06664721667766571
ndcg_20: 0.08417786657810211
hit_1: 0.022993746743095362
hit_5: 0.0790450755601876
hit_10: 0.12757295466388743
hit_20: 0.19727071391349663
ap: 0.06058448180556297
########## best_metrics ##########
ndcg_1: 0.023710265763418448
ndcg_5: 0.05166370049118996
ndcg_10: 0.06715014576911926
ndcg_20: 0.08478923887014389
hit_1: 0.023710265763418448
hit_5: 0.08015242313705055
hit_10: 0.12939682126107346
hit_20: 0.19880145909327776
ap: 0.061012089252471924
no increase in recent 7 iters
eval time: 98.03522491455078
#########################################################
################## epoch 56 ###########################
loss: 3499.4282, len_train_loader:2156, train time: 85.42841696739197
rectified_input_ratio: 0.07026306539773941
rectified_target_ratio: 0.056273818016052246
########## current_metrics ##########
ndcg_1: 0.02309145388223033
ndcg_5: 0.05126779526472092
ndcg_10: 0.06682553142309189
ndcg_20: 0.0843382328748703
hit_1: 0.02309145388223033
hit_5: 0.07901250651380927
hit_10: 0.12747524752475248
hit_20: 0.1972381448671183
ap: 0.060799740254879
########## best_metrics ##########
ndcg_1: 0.023710265763418448
ndcg_5: 0.05166370049118996
ndcg_10: 0.06715014576911926
ndcg_20: 0.08478923887014389
hit_1: 0.023710265763418448
hit_5: 0.08015242313705055
hit_10: 0.12939682126107346
hit_20: 0.19880145909327776
ap: 0.061012089252471924
no increase in recent 8 iters
eval time: 90.11882901191711
#########################################################
################## epoch 57 ###########################
loss: 3498.6565, len_train_loader:2156, train time: 83.64561104774475
rectified_input_ratio: 0.07018576562404633
rectified_target_ratio: 0.056279074400663376
########## current_metrics ##########
ndcg_1: 0.022993746743095362
ndcg_5: 0.05121822655200958
ndcg_10: 0.06648974865674973
ndcg_20: 0.08427700400352478
hit_1: 0.022993746743095362
hit_5: 0.07897993746743096
hit_10: 0.1264981761334028
hit_20: 0.1972381448671183
ap: 0.06069323420524597
########## best_metrics ##########
ndcg_1: 0.023710265763418448
ndcg_5: 0.05166370049118996
ndcg_10: 0.06715014576911926
ndcg_20: 0.08478923887014389
hit_1: 0.023710265763418448
hit_5: 0.08015242313705055
hit_10: 0.12939682126107346
hit_20: 0.19880145909327776
ap: 0.061012089252471924
no increase in recent 9 iters
eval time: 98.19005370140076
#########################################################
################## epoch 58 ###########################
loss: 3495.6202, len_train_loader:2156, train time: 87.8443717956543
rectified_input_ratio: 0.07006335258483887
rectified_target_ratio: 0.05615188553929329
########## current_metrics ##########
ndcg_1: 0.02250521104742053
ndcg_5: 0.05083026364445686
ndcg_10: 0.0662878081202507
ndcg_20: 0.0841614231467247
hit_1: 0.02250521104742053
hit_5: 0.07897993746743096
hit_10: 0.1270844189682126
hit_20: 0.19824778530484627
ap: 0.06027429178357124
########## best_metrics ##########
ndcg_1: 0.023710265763418448
ndcg_5: 0.05166370049118996
ndcg_10: 0.06715014576911926
ndcg_20: 0.08478923887014389
hit_1: 0.023710265763418448
hit_5: 0.08015242313705055
hit_10: 0.12939682126107346
hit_20: 0.19880145909327776
ap: 0.061012089252471924
no increase in recent 10 iters
eval time: 94.37743353843689
#########################################################
################## epoch 59 ###########################
loss: 3493.0871, len_train_loader:2156, train time: 85.90013885498047
rectified_input_ratio: 0.06997652351856232
rectified_target_ratio: 0.0561789907515049
########## current_metrics ##########
ndcg_1: 0.022049244398124022
ndcg_5: 0.05072180926799774
ndcg_10: 0.06614835560321808
ndcg_20: 0.08394072204828262
hit_1: 0.022049244398124022
hit_5: 0.07940333507034913
hit_10: 0.12744267847837415
hit_20: 0.19805237102657633
ap: 0.059991106390953064
########## best_metrics ##########
ndcg_1: 0.023710265763418448
ndcg_5: 0.05166370049118996
ndcg_10: 0.06715014576911926
ndcg_20: 0.08478923887014389
hit_1: 0.023710265763418448
hit_5: 0.08015242313705055
hit_10: 0.12939682126107346
hit_20: 0.19880145909327776
ap: 0.061012089252471924
no increase in recent 11 iters
eval time: 88.50474166870117
#########################################################
################## epoch 60 ###########################
loss: 3492.1331, len_train_loader:2156, train time: 82.26799869537354
rectified_input_ratio: 0.06978839635848999
rectified_target_ratio: 0.05609162524342537
########## current_metrics ##########
ndcg_1: 0.023514851485148515
ndcg_5: 0.05112865939736366
ndcg_10: 0.06687501072883606
ndcg_20: 0.0843438133597374
hit_1: 0.023514851485148515
hit_5: 0.07868681605002606
hit_10: 0.12773579989577905
hit_20: 0.1972381448671183
ap: 0.06081050634384155
########## best_metrics ##########
ndcg_1: 0.023710265763418448
ndcg_5: 0.05166370049118996
ndcg_10: 0.06715014576911926
ndcg_20: 0.08478923887014389
hit_1: 0.023710265763418448
hit_5: 0.08015242313705055
hit_10: 0.12939682126107346
hit_20: 0.19880145909327776
ap: 0.061012089252471924
no increase in recent 12 iters
eval time: 95.67484307289124
#########################################################
################## epoch 61 ###########################
loss: 3488.6606, len_train_loader:2156, train time: 83.85840654373169
rectified_input_ratio: 0.06982797384262085
rectified_target_ratio: 0.05602530390024185
########## current_metrics ##########
ndcg_1: 0.02309145388223033
ndcg_5: 0.051092520356178284
ndcg_10: 0.06654731929302216
ndcg_20: 0.08429126441478729
hit_1: 0.02309145388223033
hit_5: 0.07907764460656592
hit_10: 0.12714955706096925
hit_20: 0.19766154247003648
ap: 0.06060437113046646
########## best_metrics ##########
ndcg_1: 0.023710265763418448
ndcg_5: 0.05166370049118996
ndcg_10: 0.06715014576911926
ndcg_20: 0.08478923887014389
hit_1: 0.023710265763418448
hit_5: 0.08015242313705055
hit_10: 0.12939682126107346
hit_20: 0.19880145909327776
ap: 0.061012089252471924
no increase in recent 13 iters
eval time: 92.13842344284058
#########################################################
################## epoch 62 ###########################
loss: 3487.255, len_train_loader:2156, train time: 85.77471208572388
rectified_input_ratio: 0.06973017752170563
rectified_target_ratio: 0.05599650368094444
########## current_metrics ##########
ndcg_1: 0.022733194372068787
ndcg_5: 0.05116970092058182
ndcg_10: 0.06687907129526138
ndcg_20: 0.08416074514389038
hit_1: 0.022733194372068787
hit_5: 0.07976159458051069
hit_10: 0.1286803022407504
hit_20: 0.19746612819176654
ap: 0.06044956296682358
########## best_metrics ##########
ndcg_1: 0.023710265763418448
ndcg_5: 0.05166370049118996
ndcg_10: 0.06715014576911926
ndcg_20: 0.08478923887014389
hit_1: 0.023710265763418448
hit_5: 0.08015242313705055
hit_10: 0.12939682126107346
hit_20: 0.19880145909327776
ap: 0.061012089252471924
no increase in recent 14 iters
eval time: 96.58079648017883
#########################################################
################## epoch 63 ###########################
loss: 3485.1272, len_train_loader:2156, train time: 81.37798023223877
rectified_input_ratio: 0.06959430128335953
rectified_target_ratio: 0.05595707893371582
########## current_metrics ##########
ndcg_1: 0.022993746743095362
ndcg_5: 0.05107362940907478
ndcg_10: 0.06698614358901978
ndcg_20: 0.0843297690153122
hit_1: 0.022993746743095362
hit_5: 0.07911021365294424
hit_10: 0.12861516414799376
hit_20: 0.19766154247003648
ap: 0.0606076717376709
########## best_metrics ##########
ndcg_1: 0.023710265763418448
ndcg_5: 0.05166370049118996
ndcg_10: 0.06715014576911926
ndcg_20: 0.08478923887014389
hit_1: 0.023710265763418448
hit_5: 0.08015242313705055
hit_10: 0.12939682126107346
hit_20: 0.19880145909327776
ap: 0.061012089252471924
no increase in recent 15 iters
eval time: 97.25434494018555
#########################################################
################## epoch 64 ###########################
loss: 3483.1342, len_train_loader:2156, train time: 83.06078910827637
rectified_input_ratio: 0.06954639405012131
rectified_target_ratio: 0.05581696331501007
########## current_metrics ##########
ndcg_1: 0.023189161021365295
ndcg_5: 0.05084334313869476
ndcg_10: 0.06651269644498825
ndcg_20: 0.08408748358488083
hit_1: 0.023189161021365295
hit_5: 0.07855653986451276
hit_10: 0.12731240229286087
hit_20: 0.19710786868160501
ap: 0.06049402803182602
########## best_metrics ##########
ndcg_1: 0.023710265763418448
ndcg_5: 0.05166370049118996
ndcg_10: 0.06715014576911926
ndcg_20: 0.08478923887014389
hit_1: 0.023710265763418448
hit_5: 0.08015242313705055
hit_10: 0.12939682126107346
hit_20: 0.19880145909327776
ap: 0.061012089252471924
no increase in recent 16 iters
eval time: 91.61213254928589
#########################################################
################## epoch 65 ###########################
loss: 3484.4093, len_train_loader:2156, train time: 83.12684416770935
rectified_input_ratio: 0.06945489346981049
rectified_target_ratio: 0.05573170259594917
########## current_metrics ##########
ndcg_1: 0.023547420531526836
ndcg_5: 0.05172283947467804
ndcg_10: 0.06714291125535965
ndcg_20: 0.08438935875892639
hit_1: 0.023547420531526836
hit_5: 0.07998957790515894
hit_10: 0.12812662845231892
hit_20: 0.1966844710786868
ap: 0.061003755778074265
########## best_metrics ##########
ndcg_1: 0.023710265763418448
ndcg_5: 0.05172283947467804
ndcg_10: 0.06715014576911926
ndcg_20: 0.08478923887014389
hit_1: 0.023710265763418448
hit_5: 0.08015242313705055
hit_10: 0.12939682126107346
hit_20: 0.19880145909327776
ap: 0.061012089252471924
no increase in recent 0 iters
eval time: 94.06656980514526
#########################################################
################## epoch 66 ###########################
loss: 3482.2381, len_train_loader:2156, train time: 84.97818994522095
rectified_input_ratio: 0.06931568682193756
rectified_target_ratio: 0.05572186037898064
########## current_metrics ##########
ndcg_1: 0.023710265763418448
ndcg_5: 0.05161946266889572
ndcg_10: 0.06727622449398041
ndcg_20: 0.08466446399688721
hit_1: 0.023710265763418448
hit_5: 0.07933819697759249
hit_10: 0.12819176654507555
hit_20: 0.19733585200625325
ap: 0.06117797642946243
########## best_metrics ##########
ndcg_1: 0.023710265763418448
ndcg_5: 0.05172283947467804
ndcg_10: 0.06727622449398041
ndcg_20: 0.08478923887014389
hit_1: 0.023710265763418448
hit_5: 0.08015242313705055
hit_10: 0.12939682126107346
hit_20: 0.19880145909327776
ap: 0.06117797642946243
no increase in recent 0 iters
eval time: 94.93684697151184
#########################################################
################## epoch 67 ###########################
loss: 3480.7036, len_train_loader:2156, train time: 79.62425589561462
rectified_input_ratio: 0.06930600106716156
rectified_target_ratio: 0.055662017315626144
########## current_metrics ##########
ndcg_1: 0.02341714434601355
ndcg_5: 0.051563046872615814
ndcg_10: 0.06696861982345581
ndcg_20: 0.08435901254415512
hit_1: 0.02341714434601355
hit_5: 0.0795010422094841
hit_10: 0.12737754038561752
hit_20: 0.1964890568004169
ap: 0.06102864071726799
########## best_metrics ##########
ndcg_1: 0.023710265763418448
ndcg_5: 0.05172283947467804
ndcg_10: 0.06727622449398041
ndcg_20: 0.08478923887014389
hit_1: 0.023710265763418448
hit_5: 0.08015242313705055
hit_10: 0.12939682126107346
hit_20: 0.19880145909327776
ap: 0.06117797642946243
no increase in recent 1 iters
eval time: 94.73899173736572
#########################################################
################## epoch 68 ###########################
loss: 3478.3538, len_train_loader:2156, train time: 82.27699875831604
rectified_input_ratio: 0.0691915974020958
rectified_target_ratio: 0.055620625615119934
########## current_metrics ##########
ndcg_1: 0.02361255862428348
ndcg_5: 0.05169816315174103
ndcg_10: 0.06706394255161285
ndcg_20: 0.08453571796417236
hit_1: 0.02361255862428348
hit_5: 0.07995700885878061
hit_10: 0.12776836894215737
hit_20: 0.19730328295987493
ap: 0.06105152890086174
########## best_metrics ##########
ndcg_1: 0.023710265763418448
ndcg_5: 0.05172283947467804
ndcg_10: 0.06727622449398041
ndcg_20: 0.08478923887014389
hit_1: 0.023710265763418448
hit_5: 0.08015242313705055
hit_10: 0.12939682126107346
hit_20: 0.19880145909327776
ap: 0.06117797642946243
no increase in recent 2 iters
eval time: 90.30745720863342
#########################################################
################## epoch 69 ###########################
loss: 3477.3226, len_train_loader:2156, train time: 79.72492933273315
rectified_input_ratio: 0.0691298171877861
rectified_target_ratio: 0.05563947185873985
########## current_metrics ##########
ndcg_1: 0.023840541948931735
ndcg_5: 0.05138266459107399
ndcg_10: 0.06720562279224396
ndcg_20: 0.08449111878871918
hit_1: 0.023840541948931735
hit_5: 0.07878452318916102
hit_10: 0.12806149035956227
hit_20: 0.19684731631057842
ap: 0.06115878373384476
########## best_metrics ##########
ndcg_1: 0.023840541948931735
ndcg_5: 0.05172283947467804
ndcg_10: 0.06727622449398041
ndcg_20: 0.08478923887014389
hit_1: 0.023840541948931735
hit_5: 0.08015242313705055
hit_10: 0.12939682126107346
hit_20: 0.19880145909327776
ap: 0.06117797642946243
no increase in recent 0 iters
eval time: 91.12014532089233
#########################################################
################## epoch 70 ###########################
loss: 3474.9705, len_train_loader:2156, train time: 81.57432460784912
rectified_input_ratio: 0.06902118027210236
rectified_target_ratio: 0.05552566051483154
########## current_metrics ##########
ndcg_1: 0.023352006253256903
ndcg_5: 0.0512969046831131
ndcg_10: 0.0669538751244545
ndcg_20: 0.08441272377967834
hit_1: 0.023352006253256903
hit_5: 0.07881709223553934
hit_10: 0.1275403856175091
hit_20: 0.19714043772798331
ap: 0.06097136810421944
########## best_metrics ##########
ndcg_1: 0.023840541948931735
ndcg_5: 0.05172283947467804
ndcg_10: 0.06727622449398041
ndcg_20: 0.08478923887014389
hit_1: 0.023840541948931735
hit_5: 0.08015242313705055
hit_10: 0.12939682126107346
hit_20: 0.19880145909327776
ap: 0.06117797642946243
no increase in recent 1 iters
eval time: 84.24589157104492
#########################################################
################## epoch 71 ###########################
loss: 3475.1876, len_train_loader:2156, train time: 82.44262957572937
rectified_input_ratio: 0.0689544603228569
rectified_target_ratio: 0.055275022983551025
########## current_metrics ##########
ndcg_1: 0.02357998957790516
ndcg_5: 0.05186191201210022
ndcg_10: 0.06696856021881104
ndcg_20: 0.08452312648296356
hit_1: 0.02357998957790516
hit_5: 0.08005471599791558
hit_10: 0.1272472642001042
hit_20: 0.1970752996352267
ap: 0.061097126454114914
########## best_metrics ##########
ndcg_1: 0.023840541948931735
ndcg_5: 0.05186191201210022
ndcg_10: 0.06727622449398041
ndcg_20: 0.08478923887014389
hit_1: 0.023840541948931735
hit_5: 0.08015242313705055
hit_10: 0.12939682126107346
hit_20: 0.19880145909327776
ap: 0.06117797642946243
no increase in recent 0 iters
eval time: 94.29062461853027
#########################################################
################## epoch 72 ###########################
loss: 3474.4795, len_train_loader:2156, train time: 83.39112114906311
rectified_input_ratio: 0.06894311308860779
rectified_target_ratio: 0.05533817410469055
########## current_metrics ##########
ndcg_1: 0.023482282438770194
ndcg_5: 0.051506947726011276
ndcg_10: 0.06691514700651169
ndcg_20: 0.08438500761985779
hit_1: 0.023482282438770194
hit_5: 0.07940333507034913
hit_10: 0.1275403856175091
hit_20: 0.19691245440333507
ap: 0.06095080450177193
########## best_metrics ##########
ndcg_1: 0.023840541948931735
ndcg_5: 0.05186191201210022
ndcg_10: 0.06727622449398041
ndcg_20: 0.08478923887014389
hit_1: 0.023840541948931735
hit_5: 0.08015242313705055
hit_10: 0.12939682126107346
hit_20: 0.19880145909327776
ap: 0.06117797642946243
no increase in recent 1 iters
eval time: 92.37370586395264
#########################################################
################## epoch 73 ###########################
loss: 3471.6648, len_train_loader:2156, train time: 81.07409191131592
rectified_input_ratio: 0.06890367716550827
rectified_target_ratio: 0.05544322356581688
########## current_metrics ##########
ndcg_1: 0.023221730067743616
ndcg_5: 0.051410406827926636
ndcg_10: 0.06676501780748367
ndcg_20: 0.08416349440813065
hit_1: 0.023221730067743616
hit_5: 0.07956618030224075
hit_10: 0.12747524752475248
hit_20: 0.1965216258467952
ap: 0.06077522039413452
########## best_metrics ##########
ndcg_1: 0.023840541948931735
ndcg_5: 0.05186191201210022
ndcg_10: 0.06727622449398041
ndcg_20: 0.08478923887014389
hit_1: 0.023840541948931735
hit_5: 0.08015242313705055
hit_10: 0.12939682126107346
hit_20: 0.19880145909327776
ap: 0.06117797642946243
no increase in recent 2 iters
eval time: 97.22406315803528
#########################################################
################## epoch 74 ###########################
loss: 3469.3501, len_train_loader:2156, train time: 84.00847625732422
rectified_input_ratio: 0.06884214282035828
rectified_target_ratio: 0.055370211601257324
########## current_metrics ##########
ndcg_1: 0.023189161021365295
ndcg_5: 0.05124611780047417
ndcg_10: 0.06677590310573578
ndcg_20: 0.0843360424041748
hit_1: 0.023189161021365295
hit_5: 0.07911021365294424
hit_10: 0.1275403856175091
hit_20: 0.19736842105263158
ap: 0.06078427657485008
########## best_metrics ##########
ndcg_1: 0.023840541948931735
ndcg_5: 0.05186191201210022
ndcg_10: 0.06727622449398041
ndcg_20: 0.08478923887014389
hit_1: 0.023840541948931735
hit_5: 0.08015242313705055
hit_10: 0.12939682126107346
hit_20: 0.19880145909327776
ap: 0.06117797642946243
no increase in recent 3 iters
eval time: 89.95291543006897
#########################################################
################## epoch 75 ###########################
loss: 3471.4326, len_train_loader:2156, train time: 75.95033192634583
rectified_input_ratio: 0.06870210915803909
rectified_target_ratio: 0.05517495796084404
########## current_metrics ##########
ndcg_1: 0.02279833246482543
ndcg_5: 0.05120972543954849
ndcg_10: 0.06623964011669159
ndcg_20: 0.0840180367231369
hit_1: 0.02279833246482543
hit_5: 0.07982673267326733
hit_10: 0.1267912975508077
hit_20: 0.1975312662845232
ap: 0.060341086238622665
########## best_metrics ##########
ndcg_1: 0.023840541948931735
ndcg_5: 0.05186191201210022
ndcg_10: 0.06727622449398041
ndcg_20: 0.08478923887014389
hit_1: 0.023840541948931735
hit_5: 0.08015242313705055
hit_10: 0.12939682126107346
hit_20: 0.19880145909327776
ap: 0.06117797642946243
no increase in recent 4 iters
eval time: 80.111496925354
#########################################################
################## epoch 76 ###########################
loss: 3470.0419, len_train_loader:2156, train time: 75.62421298027039
rectified_input_ratio: 0.06869779527187347
rectified_target_ratio: 0.05524495244026184
########## current_metrics ##########
ndcg_1: 0.023058884835852007
ndcg_5: 0.0506928525865078
ndcg_10: 0.06629297137260437
ndcg_20: 0.08406262844800949
hit_1: 0.023058884835852007
hit_5: 0.07858910891089109
hit_10: 0.12711698801459093
hit_20: 0.19775924960917143
ap: 0.06033118814229965
########## best_metrics ##########
ndcg_1: 0.023840541948931735
ndcg_5: 0.05186191201210022
ndcg_10: 0.06727622449398041
ndcg_20: 0.08478923887014389
hit_1: 0.023840541948931735
hit_5: 0.08015242313705055
hit_10: 0.12939682126107346
hit_20: 0.19880145909327776
ap: 0.06117797642946243
no increase in recent 5 iters
eval time: 79.89774584770203
#########################################################
################## epoch 77 ###########################
loss: 3469.0714, len_train_loader:2156, train time: 73.56512522697449
rectified_input_ratio: 0.06862550228834152
rectified_target_ratio: 0.055072080343961716
########## current_metrics ##########
ndcg_1: 0.023319437206878582
ndcg_5: 0.050793662667274475
ndcg_10: 0.06641239672899246
ndcg_20: 0.08471851795911789
hit_1: 0.023319437206878582
hit_5: 0.07823084940072955
hit_10: 0.1267587285044294
hit_20: 0.19955054715997916
ap: 0.060659121721982956
########## best_metrics ##########
ndcg_1: 0.023840541948931735
ndcg_5: 0.05186191201210022
ndcg_10: 0.06727622449398041
ndcg_20: 0.08478923887014389
hit_1: 0.023840541948931735
hit_5: 0.08015242313705055
hit_10: 0.12939682126107346
hit_20: 0.19955054715997916
ap: 0.06117797642946243
no increase in recent 0 iters
eval time: 76.82626581192017
#########################################################
################## epoch 78 ###########################
loss: 3468.7183, len_train_loader:2156, train time: 75.02578473091125
rectified_input_ratio: 0.06857171654701233
rectified_target_ratio: 0.05500980466604233
########## current_metrics ##########
ndcg_1: 0.023221730067743616
ndcg_5: 0.0507291741669178
ndcg_10: 0.06627338379621506
ndcg_20: 0.08446764945983887
hit_1: 0.023221730067743616
hit_5: 0.0781657113079729
hit_10: 0.1264981761334028
hit_20: 0.19876889004689943
ap: 0.06057490035891533
########## best_metrics ##########
ndcg_1: 0.023840541948931735
ndcg_5: 0.05186191201210022
ndcg_10: 0.06727622449398041
ndcg_20: 0.08478923887014389
hit_1: 0.023840541948931735
hit_5: 0.08015242313705055
hit_10: 0.12939682126107346
hit_20: 0.19955054715997916
ap: 0.06117797642946243
no increase in recent 1 iters
eval time: 80.09527134895325
#########################################################
################## epoch 79 ###########################
loss: 3466.4117, len_train_loader:2156, train time: 74.7762508392334
rectified_input_ratio: 0.0685887560248375
rectified_target_ratio: 0.055126819759607315
########## current_metrics ##########
ndcg_1: 0.023189161021365295
ndcg_5: 0.05116008222103119
ndcg_10: 0.06657256186008453
ndcg_20: 0.08431944251060486
hit_1: 0.023189161021365295
hit_5: 0.07888223032829599
hit_10: 0.12692157373632101
hit_20: 0.19746612819176654
ap: 0.06074977293610573
########## best_metrics ##########
ndcg_1: 0.023840541948931735
ndcg_5: 0.05186191201210022
ndcg_10: 0.06727622449398041
ndcg_20: 0.08478923887014389
hit_1: 0.023840541948931735
hit_5: 0.08015242313705055
hit_10: 0.12939682126107346
hit_20: 0.19955054715997916
ap: 0.06117797642946243
no increase in recent 2 iters
eval time: 75.96848654747009
#########################################################
################## epoch 80 ###########################
loss: 3465.3926, len_train_loader:2156, train time: 74.75381875038147
rectified_input_ratio: 0.06849169731140137
rectified_target_ratio: 0.05516478046774864
########## current_metrics ##########
ndcg_1: 0.022830901511203754
ndcg_5: 0.05136116221547127
ndcg_10: 0.0665377825498581
ndcg_20: 0.08409860730171204
hit_1: 0.022830901511203754
hit_5: 0.07982673267326733
hit_10: 0.12718212610734758
hit_20: 0.19701016154247003
ap: 0.06056628003716469
########## best_metrics ##########
ndcg_1: 0.023840541948931735
ndcg_5: 0.05186191201210022
ndcg_10: 0.06727622449398041
ndcg_20: 0.08478923887014389
hit_1: 0.023840541948931735
hit_5: 0.08015242313705055
hit_10: 0.12939682126107346
hit_20: 0.19955054715997916
ap: 0.06117797642946243
no increase in recent 3 iters
eval time: 78.8575611114502
#########################################################
################## epoch 81 ###########################
loss: 3464.7619, len_train_loader:2156, train time: 75.18324184417725
rectified_input_ratio: 0.06844401359558105
rectified_target_ratio: 0.05507279932498932
########## current_metrics ##########
ndcg_1: 0.022830901511203754
ndcg_5: 0.05117829516530037
ndcg_10: 0.06649453192949295
ndcg_20: 0.08428376168012619
hit_1: 0.022830901511203754
hit_5: 0.07933819697759249
hit_10: 0.12714955706096925
hit_20: 0.19788952579468475
ap: 0.060575220733881
########## best_metrics ##########
ndcg_1: 0.023840541948931735
ndcg_5: 0.05186191201210022
ndcg_10: 0.06727622449398041
ndcg_20: 0.08478923887014389
hit_1: 0.023840541948931735
hit_5: 0.08015242313705055
hit_10: 0.12939682126107346
hit_20: 0.19955054715997916
ap: 0.06117797642946243
no increase in recent 4 iters
eval time: 74.69664812088013
#########################################################
################## epoch 82 ###########################
loss: 3465.1669, len_train_loader:2156, train time: 74.90582752227783
rectified_input_ratio: 0.06838304549455643
rectified_target_ratio: 0.05504358187317848
########## current_metrics ##########
ndcg_1: 0.022863470557582075
ndcg_5: 0.05081541836261749
ndcg_10: 0.06634066998958588
ndcg_20: 0.08398541063070297
hit_1: 0.022863470557582075
hit_5: 0.07849140177175612
hit_10: 0.12695414278269931
hit_20: 0.19701016154247003
ap: 0.06047423556447029
########## best_metrics ##########
ndcg_1: 0.023840541948931735
ndcg_5: 0.05186191201210022
ndcg_10: 0.06727622449398041
ndcg_20: 0.08478923887014389
hit_1: 0.023840541948931735
hit_5: 0.08015242313705055
hit_10: 0.12939682126107346
hit_20: 0.19955054715997916
ap: 0.06117797642946243
no increase in recent 5 iters
eval time: 77.05863499641418
#########################################################
################## epoch 83 ###########################
loss: 3463.4023, len_train_loader:2156, train time: 76.94857382774353
rectified_input_ratio: 0.06833545863628387
rectified_target_ratio: 0.05497792363166809
########## current_metrics ##########
ndcg_1: 0.02344971339239187
ndcg_5: 0.050979696214199066
ndcg_10: 0.06651835143566132
ndcg_20: 0.08417923003435135
hit_1: 0.02344971339239187
hit_5: 0.07862167795726942
hit_10: 0.1270844189682126
hit_20: 0.19710786868160501
ap: 0.06067186966538429
########## best_metrics ##########
ndcg_1: 0.023840541948931735
ndcg_5: 0.05186191201210022
ndcg_10: 0.06727622449398041
ndcg_20: 0.08478923887014389
hit_1: 0.023840541948931735
hit_5: 0.08015242313705055
hit_10: 0.12939682126107346
hit_20: 0.19955054715997916
ap: 0.06117797642946243
no increase in recent 6 iters
eval time: 83.00021004676819
#########################################################
################## epoch 84 ###########################
loss: 3462.8388, len_train_loader:2156, train time: 77.8812084197998
rectified_input_ratio: 0.06825824081897736
rectified_target_ratio: 0.054942432790994644
########## current_metrics ##########
ndcg_1: 0.02247264200104221
ndcg_5: 0.050751812756061554
ndcg_10: 0.06585400551557541
ndcg_20: 0.08371613174676895
hit_1: 0.02247264200104221
hit_5: 0.07891479937467431
hit_10: 0.12597707139134967
hit_20: 0.1969775924960917
ap: 0.06009635701775551
########## best_metrics ##########
ndcg_1: 0.023840541948931735
ndcg_5: 0.05186191201210022
ndcg_10: 0.06727622449398041
ndcg_20: 0.08478923887014389
hit_1: 0.023840541948931735
hit_5: 0.08015242313705055
hit_10: 0.12939682126107346
hit_20: 0.19955054715997916
ap: 0.06117797642946243
no increase in recent 7 iters
eval time: 80.3896586894989
#########################################################
################## epoch 85 ###########################
loss: 3464.2655, len_train_loader:2156, train time: 76.10577321052551
rectified_input_ratio: 0.06826640665531158
rectified_target_ratio: 0.05486813187599182
########## current_metrics ##########
ndcg_1: 0.022928608650338717
ndcg_5: 0.05109453573822975
ndcg_10: 0.06627938151359558
ndcg_20: 0.08389464020729065
hit_1: 0.022928608650338717
hit_5: 0.07911021365294424
hit_10: 0.12653074517978113
hit_20: 0.1964890568004169
ap: 0.060442496091127396
########## best_metrics ##########
ndcg_1: 0.023840541948931735
ndcg_5: 0.05186191201210022
ndcg_10: 0.06727622449398041
ndcg_20: 0.08478923887014389
hit_1: 0.023840541948931735
hit_5: 0.08015242313705055
hit_10: 0.12939682126107346
hit_20: 0.19955054715997916
ap: 0.06117797642946243
no increase in recent 8 iters
eval time: 77.74299573898315
#########################################################
################## epoch 86 ###########################
loss: 3461.5551, len_train_loader:2156, train time: 75.3976891040802
rectified_input_ratio: 0.06817618012428284
rectified_target_ratio: 0.05480668693780899
########## current_metrics ##########
ndcg_1: 0.022440072954663888
ndcg_5: 0.051078829914331436
ndcg_10: 0.06637173891067505
ndcg_20: 0.08370421081781387
hit_1: 0.022440072954663888
hit_5: 0.07940333507034913
hit_10: 0.12714955706096925
hit_20: 0.19600052110474206
ap: 0.06030844897031784
########## best_metrics ##########
ndcg_1: 0.023840541948931735
ndcg_5: 0.05186191201210022
ndcg_10: 0.06727622449398041
ndcg_20: 0.08478923887014389
hit_1: 0.023840541948931735
hit_5: 0.08015242313705055
hit_10: 0.12939682126107346
hit_20: 0.19955054715997916
ap: 0.06117797642946243
no increase in recent 9 iters
eval time: 79.26920318603516
#########################################################
################## epoch 87 ###########################
loss: 3461.5714, len_train_loader:2156, train time: 77.00142168998718
rectified_input_ratio: 0.0681198388338089
rectified_target_ratio: 0.05477447807788849
########## current_metrics ##########
ndcg_1: 0.022407503908285567
ndcg_5: 0.051065508276224136
ndcg_10: 0.06631319969892502
ndcg_20: 0.08389163017272949
hit_1: 0.022407503908285567
hit_5: 0.07933819697759249
hit_10: 0.12692157373632101
hit_20: 0.1966844710786868
ap: 0.06034322828054428
########## best_metrics ##########
ndcg_1: 0.023840541948931735
ndcg_5: 0.05186191201210022
ndcg_10: 0.06727622449398041
ndcg_20: 0.08478923887014389
hit_1: 0.023840541948931735
hit_5: 0.08015242313705055
hit_10: 0.12939682126107346
hit_20: 0.19955054715997916
ap: 0.06117797642946243
no increase in recent 10 iters
eval time: 78.21689701080322
#########################################################
################## epoch 88 ###########################
loss: 3460.3614, len_train_loader:2156, train time: 74.9457516670227
rectified_input_ratio: 0.06811787188053131
rectified_target_ratio: 0.054760489612817764
########## current_metrics ##########
ndcg_1: 0.023189161021365295
ndcg_5: 0.051483724266290665
ndcg_10: 0.06645561754703522
ndcg_20: 0.08387584984302521
hit_1: 0.023189161021365295
hit_5: 0.08015242313705055
hit_10: 0.12701928087545597
hit_20: 0.196195935383012
ap: 0.06049919128417969
########## best_metrics ##########
ndcg_1: 0.023840541948931735
ndcg_5: 0.05186191201210022
ndcg_10: 0.06727622449398041
ndcg_20: 0.08478923887014389
hit_1: 0.023840541948931735
hit_5: 0.08015242313705055
hit_10: 0.12939682126107346
hit_20: 0.19955054715997916
ap: 0.06117797642946243
no increase in recent 11 iters
eval time: 80.43228268623352
#########################################################
################## epoch 89 ###########################
loss: 3459.5145, len_train_loader:2156, train time: 75.67833733558655
rectified_input_ratio: 0.06806045770645142
rectified_target_ratio: 0.05478961765766144
########## current_metrics ##########
ndcg_1: 0.023352006253256903
ndcg_5: 0.05121353641152382
ndcg_10: 0.0665617510676384
ndcg_20: 0.08398298919200897
hit_1: 0.023352006253256903
hit_5: 0.07927305888483585
hit_10: 0.1270844189682126
hit_20: 0.19629364252214695
ap: 0.06062090024352074
########## best_metrics ##########
ndcg_1: 0.023840541948931735
ndcg_5: 0.05186191201210022
ndcg_10: 0.06727622449398041
ndcg_20: 0.08478923887014389
hit_1: 0.023840541948931735
hit_5: 0.08015242313705055
hit_10: 0.12939682126107346
hit_20: 0.19955054715997916
ap: 0.06117797642946243
no increase in recent 12 iters
eval time: 83.32454705238342
#########################################################
################## epoch 90 ###########################
loss: 3458.3073, len_train_loader:2156, train time: 75.5718719959259
rectified_input_ratio: 0.06804963201284409
rectified_target_ratio: 0.05478770285844803
########## current_metrics ##########
ndcg_1: 0.023352006253256903
ndcg_5: 0.051240112632513046
ndcg_10: 0.06658627092838287
ndcg_20: 0.08408448845148087
hit_1: 0.023352006253256903
hit_5: 0.07901250651380927
hit_10: 0.12695414278269931
hit_20: 0.1964890568004169
ap: 0.06071135774254799
########## best_metrics ##########
ndcg_1: 0.023840541948931735
ndcg_5: 0.05186191201210022
ndcg_10: 0.06727622449398041
ndcg_20: 0.08478923887014389
hit_1: 0.023840541948931735
hit_5: 0.08015242313705055
hit_10: 0.12939682126107346
hit_20: 0.19955054715997916
ap: 0.06117797642946243
no increase in recent 13 iters
eval time: 78.2532570362091
#########################################################
################## epoch 91 ###########################
loss: 3457.7971, len_train_loader:2156, train time: 75.40712022781372
rectified_input_ratio: 0.0679469183087349
rectified_target_ratio: 0.05461284518241882
########## current_metrics ##########
ndcg_1: 0.022993746743095362
ndcg_5: 0.05138004198670387
ndcg_10: 0.06645205616950989
ndcg_20: 0.08420873433351517
hit_1: 0.022993746743095362
hit_5: 0.07966388744137572
hit_10: 0.12672615945805107
hit_20: 0.19720557582073997
ap: 0.06061432510614395
########## best_metrics ##########
ndcg_1: 0.023840541948931735
ndcg_5: 0.05186191201210022
ndcg_10: 0.06727622449398041
ndcg_20: 0.08478923887014389
hit_1: 0.023840541948931735
hit_5: 0.08015242313705055
hit_10: 0.12939682126107346
hit_20: 0.19955054715997916
ap: 0.06117797642946243
no increase in recent 14 iters
eval time: 80.27309966087341
#########################################################
################## epoch 92 ###########################
loss: 3456.8716, len_train_loader:2156, train time: 75.28750395774841
rectified_input_ratio: 0.06796760112047195
rectified_target_ratio: 0.054669883102178574
########## current_metrics ##########
ndcg_1: 0.023189161021365295
ndcg_5: 0.0513242743909359
ndcg_10: 0.06663596630096436
ndcg_20: 0.08421285450458527
hit_1: 0.023189161021365295
hit_5: 0.07920792079207921
hit_10: 0.12695414278269931
hit_20: 0.1967821782178218
ap: 0.060764845460653305
########## best_metrics ##########
ndcg_1: 0.023840541948931735
ndcg_5: 0.05186191201210022
ndcg_10: 0.06727622449398041
ndcg_20: 0.08478923887014389
hit_1: 0.023840541948931735
hit_5: 0.08015242313705055
hit_10: 0.12939682126107346
hit_20: 0.19955054715997916
ap: 0.06117797642946243
no increase in recent 15 iters
eval time: 77.61003112792969
#########################################################
################## epoch 93 ###########################
loss: 3457.033, len_train_loader:2156, train time: 75.83306980133057
rectified_input_ratio: 0.06791257858276367
rectified_target_ratio: 0.05458097904920578
########## current_metrics ##########
ndcg_1: 0.022863470557582075
ndcg_5: 0.05130491778254509
ndcg_10: 0.0663776695728302
ndcg_20: 0.08409622311592102
hit_1: 0.022863470557582075
hit_5: 0.07953361125586243
hit_10: 0.12643303804064618
hit_20: 0.1969450234497134
ap: 0.06058282405138016
########## best_metrics ##########
ndcg_1: 0.023840541948931735
ndcg_5: 0.05186191201210022
ndcg_10: 0.06727622449398041
ndcg_20: 0.08478923887014389
hit_1: 0.023840541948931735
hit_5: 0.08015242313705055
hit_10: 0.12939682126107346
hit_20: 0.19955054715997916
ap: 0.06117797642946243
no increase in recent 16 iters
eval time: 78.70364451408386
#########################################################
################## epoch 94 ###########################
loss: 3456.1465, len_train_loader:2156, train time: 75.18196868896484
rectified_input_ratio: 0.06779804080724716
rectified_target_ratio: 0.054507236927747726
########## current_metrics ##########
ndcg_1: 0.02325429911412194
ndcg_5: 0.05131489410996437
ndcg_10: 0.06665533781051636
ndcg_20: 0.0841284990310669
hit_1: 0.02325429911412194
hit_5: 0.07933819697759249
hit_10: 0.1270844189682126
hit_20: 0.19655419489317352
ap: 0.060733161866664886
########## best_metrics ##########
ndcg_1: 0.023840541948931735
ndcg_5: 0.05186191201210022
ndcg_10: 0.06727622449398041
ndcg_20: 0.08478923887014389
hit_1: 0.023840541948931735
hit_5: 0.08015242313705055
hit_10: 0.12939682126107346
hit_20: 0.19955054715997916
ap: 0.06117797642946243
no increase in recent 17 iters
eval time: 80.54977512359619
#########################################################
################## epoch 95 ###########################
loss: 3454.2153, len_train_loader:2156, train time: 75.08835220336914
rectified_input_ratio: 0.06781990081071854
rectified_target_ratio: 0.0546460822224617
########## current_metrics ##########
ndcg_1: 0.022928608650338717
ndcg_5: 0.05141976848244667
ndcg_10: 0.06679464876651764
ndcg_20: 0.08451034128665924
hit_1: 0.022928608650338717
hit_5: 0.07959874934861907
hit_10: 0.12747524752475248
hit_20: 0.19795466388744137
ap: 0.06079733371734619
########## best_metrics ##########
ndcg_1: 0.023840541948931735
ndcg_5: 0.05186191201210022
ndcg_10: 0.06727622449398041
ndcg_20: 0.08478923887014389
hit_1: 0.023840541948931735
hit_5: 0.08015242313705055
hit_10: 0.12939682126107346
hit_20: 0.19955054715997916
ap: 0.06117797642946243
no increase in recent 18 iters
eval time: 76.1790235042572
#########################################################
################## epoch 96 ###########################
loss: 3456.4247, len_train_loader:2156, train time: 73.43361234664917
rectified_input_ratio: 0.06775414198637009
rectified_target_ratio: 0.05443941801786423
########## current_metrics ##########
ndcg_1: 0.023352006253256903
ndcg_5: 0.051590487360954285
ndcg_10: 0.06674187630414963
ndcg_20: 0.08423187583684921
hit_1: 0.023352006253256903
hit_5: 0.079794163626889
hit_10: 0.12698671182907764
hit_20: 0.19635878061490358
ap: 0.06093182414770126
########## best_metrics ##########
ndcg_1: 0.023840541948931735
ndcg_5: 0.05186191201210022
ndcg_10: 0.06727622449398041
ndcg_20: 0.08478923887014389
hit_1: 0.023840541948931735
hit_5: 0.08015242313705055
hit_10: 0.12939682126107346
hit_20: 0.19955054715997916
ap: 0.06117797642946243
no increase in recent 19 iters
eval time: 76.44499349594116
#########################################################
################## epoch 97 ###########################
loss: 3454.0471, len_train_loader:2156, train time: 74.46180129051208
rectified_input_ratio: 0.06770255416631699
rectified_target_ratio: 0.054477013647556305
########## current_metrics ##########
ndcg_1: 0.022896039603960396
ndcg_5: 0.05136549100279808
ndcg_10: 0.06679978966712952
ndcg_20: 0.08422337472438812
hit_1: 0.022896039603960396
hit_5: 0.07972902553413236
hit_10: 0.1279637832204273
hit_20: 0.1972381448671183
ap: 0.060662392526865005
########## best_metrics ##########
ndcg_1: 0.023840541948931735
ndcg_5: 0.05186191201210022
ndcg_10: 0.06727622449398041
ndcg_20: 0.08478923887014389
hit_1: 0.023840541948931735
hit_5: 0.08015242313705055
hit_10: 0.12939682126107346
hit_20: 0.19955054715997916
ap: 0.06117797642946243
no increase in recent 20 iters
eval time: 78.1338906288147
#########################################################
################## epoch 98 ###########################
loss: 3455.395, len_train_loader:2156, train time: 75.11570835113525
rectified_input_ratio: 0.06769673526287079
rectified_target_ratio: 0.05454206094145775
########## current_metrics ##########
ndcg_1: 0.022993746743095362
ndcg_5: 0.051368288695812225
ndcg_10: 0.06693175435066223
ndcg_20: 0.08424101769924164
hit_1: 0.022993746743095362
hit_5: 0.07969645648775404
hit_10: 0.12832204273058884
hit_20: 0.19710786868160501
ap: 0.060718607157468796
########## best_metrics ##########
ndcg_1: 0.023840541948931735
ndcg_5: 0.05186191201210022
ndcg_10: 0.06727622449398041
ndcg_20: 0.08478923887014389
hit_1: 0.023840541948931735
hit_5: 0.08015242313705055
hit_10: 0.12939682126107346
hit_20: 0.19955054715997916
ap: 0.06117797642946243
no increase in recent 21 iters
eval time: 80.49760365486145
#########################################################
################## epoch 99 ###########################
loss: 3455.3996, len_train_loader:2156, train time: 75.09700751304626
rectified_input_ratio: 0.0676569864153862
rectified_target_ratio: 0.05441039428114891
########## current_metrics ##########
ndcg_1: 0.02328686816050026
ndcg_5: 0.05142216384410858
ndcg_10: 0.06703946739435196
ndcg_20: 0.08421330153942108
hit_1: 0.02328686816050026
hit_5: 0.0799244398124023
hit_10: 0.12851745700885878
hit_20: 0.19671704012506513
ap: 0.0607769712805748
########## best_metrics ##########
ndcg_1: 0.023840541948931735
ndcg_5: 0.05186191201210022
ndcg_10: 0.06727622449398041
ndcg_20: 0.08478923887014389
hit_1: 0.023840541948931735
hit_5: 0.08015242313705055
hit_10: 0.12939682126107346
hit_20: 0.19955054715997916
ap: 0.06117797642946243
no increase in recent 22 iters
eval time: 79.19306898117065
#########################################################
################## epoch 100 ###########################
loss: 3452.8193, len_train_loader:2156, train time: 75.76145482063293
rectified_input_ratio: 0.06763917952775955
rectified_target_ratio: 0.05445188656449318
########## current_metrics ##########
ndcg_1: 0.022602918186555496
ndcg_5: 0.0512574203312397
ndcg_10: 0.06653545796871185
ndcg_20: 0.08411557972431183
hit_1: 0.022602918186555496
hit_5: 0.07982673267326733
hit_10: 0.12747524752475248
hit_20: 0.19733585200625325
ap: 0.06050721928477287
########## best_metrics ##########
ndcg_1: 0.023840541948931735
ndcg_5: 0.05186191201210022
ndcg_10: 0.06727622449398041
ndcg_20: 0.08478923887014389
hit_1: 0.023840541948931735
hit_5: 0.08015242313705055
hit_10: 0.12939682126107346
hit_20: 0.19955054715997916
ap: 0.06117797642946243
no increase in recent 23 iters
eval time: 76.77254033088684
#########################################################
################## epoch 101 ###########################
loss: 3452.7106, len_train_loader:2156, train time: 75.92499732971191
rectified_input_ratio: 0.06757603585720062
rectified_target_ratio: 0.05442417412996292
########## current_metrics ##########
ndcg_1: 0.022602918186555496
ndcg_5: 0.051233790814876556
ndcg_10: 0.06644034385681152
ndcg_20: 0.08397731184959412
hit_1: 0.022602918186555496
hit_5: 0.07956618030224075
hit_10: 0.12698671182907764
hit_20: 0.1966844710786868
ap: 0.06050945818424225
########## best_metrics ##########
ndcg_1: 0.023840541948931735
ndcg_5: 0.05186191201210022
ndcg_10: 0.06727622449398041
ndcg_20: 0.08478923887014389
hit_1: 0.023840541948931735
hit_5: 0.08015242313705055
hit_10: 0.12939682126107346
hit_20: 0.19955054715997916
ap: 0.06117797642946243
no increase in recent 24 iters
eval time: 83.43554258346558
#########################################################
################## epoch 102 ###########################
loss: 3451.2686, len_train_loader:2156, train time: 75.65299153327942
rectified_input_ratio: 0.06760913878679276
rectified_target_ratio: 0.0544641874730587
########## current_metrics ##########
ndcg_1: 0.022928608650338717
ndcg_5: 0.05072823166847229
ndcg_10: 0.06639530509710312
ndcg_20: 0.08395157009363174
hit_1: 0.022928608650338717
hit_5: 0.07842626367899948
hit_10: 0.12737754038561752
hit_20: 0.1972381448671183
ap: 0.06036563217639923
########## best_metrics ##########
ndcg_1: 0.023840541948931735
ndcg_5: 0.05186191201210022
ndcg_10: 0.06727622449398041
ndcg_20: 0.08478923887014389
hit_1: 0.023840541948931735
hit_5: 0.08015242313705055
hit_10: 0.12939682126107346
hit_20: 0.19955054715997916
ap: 0.06117797642946243
no increase in recent 25 iters
eval time: 78.41118311882019
#########################################################
